iter 	posterior 	likelihood 	prior 	Tree0Likelihood	Tree.height	Tree.treeLength	clockRate	FBD	diversificationRateFBD	turnoverFBD	samplingProportionFBD	originFBD	SACountFBD	mrca.date-backward(1)
0	-3923.07	-3932.72	9.65837	-3932.72	0.216672	1.27094	0.285721	9.39857	0.1	0.5	1	0.216672	0	0.179989
1	nan	-3907.44	nan	-3907.44	0.898455	4.95237	0.0810449	nan	0.1	0.5	1	0.898455	0	0.664183
2	nan	-3875.79	nan	-3875.79	0.679977	3.07594	0.176917	nan	0.1	0.5	1	0.679977	0	0.351387
3	nan	-3880.55	nan	-3880.55	1.37692	6.52071	0.0817991	nan	0.1	0.5	1	1.37692	0	0.711525
4	-4023.21	-3999.86	-23.3441	-3999.86	1.74303	5.6513	0.157759	-20.5511	0.1	0.5	1	1.74303	0	0.43828
5	nan	-3875.79	nan	-3875.79	0.679977	3.07594	0.176917	nan	0.1	0.5	1	0.679977	0	0.351387
6	-4020.71	-3997.42	-23.2955	-3997.42	1.74303	5.74877	0.157759	-20.5026	0.1	0.5	1	1.74303	0	0.461137
7	-4020.96	-3997.12	-23.8404	-3997.12	1.74303	5.72933	0.157759	-21.0475	0.1	0.5	1	1.74303	0	0.452322
8	nan	-3876.23	nan	-3876.23	0.995581	4.73272	0.119267	nan	0.1	0.5	1	0.995581	0	0.538349
9	nan	-3883.48	nan	-3883.48	0.585173	2.89217	0.16323	nan	0.1	0.5	1	0.585173	0	0.334816
10	nan	-3883.48	nan	-3883.48	0.585173	2.89217	0.16323	nan	0.1	0.5	1	0.585173	0	0.334816
11	nan	-3882.59	nan	-3882.59	0.585173	2.94737	0.16323	nan	0.1	0.5	1	0.585173	0	0.352817
12	-3861.06	-3894.8	33.7357	-3894.8	0.403223	2.18719	0.209798	33.849	0.1	0.5	1	0.403223	0	0.276133
13	-3928.35	-3937.34	8.99199	-3937.34	0.216672	1.29483	0.285721	8.73218	0.1	0.5	1	0.216672	0	0.187984
14	nan	-3905.25	nan	-3905.25	0.898455	4.93539	0.0810449	nan	0.1	0.5	1	0.898455	0	0.667485
15	nan	-3879.7	nan	-3879.7	0.657148	3.0506	0.183718	nan	0.1	0.5	1	0.657148	0	0.362113
16	-3860.38	-3894.45	34.0633	-3894.45	0.403223	2.15802	0.209798	34.1766	0.1	0.5	1	0.403223	0	0.269784
17	-3923.07	-3932.72	9.65837	-3932.72	0.216672	1.27094	0.285721	9.39857	0.1	0.5	1	0.216672	0	0.179989
18	-3860.38	-3894.45	34.0633	-3894.45	0.403223	2.15802	0.209798	34.1766	0.1	0.5	1	0.403223	0	0.269784
19	nan	-3875.79	nan	-3875.79	0.679977	3.07594	0.176917	nan	0.1	0.5	1	0.679977	0	0.351387
20	nan	-3878.91	nan	-3878.91	0.657148	3.04412	0.183718	nan	0.1	0.5	1	0.657148	0	0.341063
21	-3861.06	-3894.8	33.7357	-3894.8	0.403223	2.18719	0.209798	33.849	0.1	0.5	1	0.403223	0	0.276133
22	nan	-3882.59	nan	-3882.59	0.585173	2.94737	0.16323	nan	0.1	0.5	1	0.585173	0	0.352817
23	-3861.06	-3894.8	33.7357	-3894.8	0.403223	2.18719	0.209798	33.849	0.1	0.5	1	0.403223	0	0.276133
24	nan	-3875.79	nan	-3875.79	0.679977	3.07594	0.176917	nan	0.1	0.5	1	0.679977	0	0.351387
25	-3923.07	-3932.72	9.65837	-3932.72	0.216672	1.27094	0.285721	9.39857	0.1	0.5	1	0.216672	0	0.179989
26	nan	-3882.59	nan	-3882.59	0.585173	2.94737	0.16323	nan	0.1	0.5	1	0.585173	0	0.352817
27	nan	-3879.01	nan	-3879.01	0.995581	4.69144	0.119267	nan	0.1	0.5	1	0.995581	0	0.529711
28	-3861.06	-3894.8	33.7357	-3894.8	0.403223	2.18719	0.209798	33.849	0.1	0.5	1	0.403223	0	0.276133
29	-3916.23	-3891.74	-24.4964	-3891.74	3.31112	13.486	0.0471189	-18.5673	0.1	0.5	1	3.31112	0	1.3702
30	nan	-3880.45	nan	-3880.45	0.995581	4.3986	0.119267	nan	0.1	0.5	1	0.995581	0	0.439327
31	-3923.07	-3932.72	9.65837	-3932.72	0.216672	1.27094	0.285721	9.39857	0.1	0.5	1	0.216672	0	0.179989
32	nan	-3876.84	nan	-3876.84	1.37692	6.66895	0.0817991	nan	0.1	0.5	1	1.37692	0	0.827005
33	nan	-3878.39	nan	-3878.39	1.37692	6.85178	0.0817991	nan	0.1	0.5	1	1.37692	0	0.845861
34	nan	-3879.39	nan	-3879.39	0.657148	3.10074	0.183718	nan	0.1	0.5	1	0.657148	0	0.368176
35	-3861.06	-3894.8	33.7357	-3894.8	0.403223	2.18719	0.209798	33.849	0.1	0.5	1	0.403223	0	0.276133
36	-3924.57	-3934.17	9.59549	-3934.17	0.216672	1.27563	0.285721	9.33569	0.1	0.5	1	0.216672	0	0.177955
37	-3921.78	-3897.29	-24.4832	-3897.29	3.31112	13.5831	0.0471189	-18.5541	0.1	0.5	1	3.31112	0	1.49893
38	nan	-3875.95	nan	-3875.95	1.37692	6.48295	0.0817991	nan	0.1	0.5	1	1.37692	0	0.737466
39	nan	-3880.55	nan	-3880.55	1.37692	6.52071	0.0817991	nan	0.1	0.5	1	1.37692	0	0.711525
40	-3863.44	-3896.55	33.1083	-3896.55	0.403223	2.22977	0.209798	33.2216	0.1	0.5	1	0.403223	0	0.280876
41	-3860.38	-3894.45	34.0633	-3894.45	0.403223	2.15802	0.209798	34.1766	0.1	0.5	1	0.403223	0	0.269784
42	nan	-3878.91	nan	-3878.91	0.657148	3.04412	0.183718	nan	0.1	0.5	1	0.657148	0	0.341063
43	-3923.07	-3932.72	9.65837	-3932.72	0.216672	1.27094	0.285721	9.39857	0.1	0.5	1	0.216672	0	0.179989
44	nan	-3879.26	nan	-3879.26	0.657148	2.88977	0.183718	nan	0.1	0.5	1	0.657148	0	0.314636
45	nan	-3905.16	nan	-3905.16	0.898455	4.80123	0.0810449	nan	0.1	0.5	1	0.898455	0	0.582332
46	-4020.79	-3997.32	-23.4733	-3997.32	1.74303	5.70014	0.157759	-20.6804	0.1	0.5	1	1.74303	0	0.452322
47	-4020.96	-3997.12	-23.8404	-3997.12	1.74303	5.72933	0.157759	-21.0475	0.1	0.5	1	1.74303	0	0.452322
48	-3921.55	-3897.14	-24.4084	-3897.14	3.31112	13.6322	0.0471189	-18.4793	0.1	0.5	1	3.31112	0	1.44254
49	nan	-3905.16	nan	-3905.16	0.898455	4.80123	0.0810449	nan	0.1	0.5	1	0.898455	0	0.582332
50	nan	-3876.23	nan	-3876.23	0.995581	4.73272	0.119267	nan	0.1	0.5	1	0.995581	0	0.538349
51	nan	-3880.55	nan	-3880.55	1.37692	6.52071	0.0817991	nan	0.1	0.5	1	1.37692	0	0.711525
52	nan	-3880.45	nan	-3880.45	0.995581	4.3986	0.119267	nan	0.1	0.5	1	0.995581	0	0.439327
53	nan	-3879.7	nan	-3879.7	0.657148	3.0506	0.183718	nan	0.1	0.5	1	0.657148	0	0.362113
54	nan	-3877.35	nan	-3877.35	0.679977	3.13771	0.176917	nan	0.1	0.5	1	0.679977	0	0.352956
55	-4021.07	-3997.83	-23.2391	-3997.83	1.74303	5.67224	0.157759	-20.4461	0.1	0.5	1	1.74303	0	0.452322
56	-3920.66	-3896.09	-24.5631	-3896.09	3.31112	13.3608	0.0471189	-18.634	0.1	0.5	1	3.31112	0	1.43462
57	-4023.17	-3999.71	-23.4622	-3999.71	1.74303	5.66404	0.157759	-20.6693	0.1	0.5	1	1.74303	0	0.43828
58	nan	-3880.45	nan	-3880.45	0.995581	4.3986	0.119267	nan	0.1	0.5	1	0.995581	0	0.439327
59	nan	-3883.48	nan	-3883.48	0.585173	2.89217	0.16323	nan	0.1	0.5	1	0.585173	0	0.334816
60	nan	-3878.91	nan	-3878.91	0.657148	3.04412	0.183718	nan	0.1	0.5	1	0.657148	0	0.341063
61	nan	-3876.9	nan	-3876.9	0.657148	3.07194	0.183718	nan	0.1	0.5	1	0.657148	0	0.361595
62	-3860.38	-3894.45	34.0633	-3894.45	0.403223	2.15802	0.209798	34.1766	0.1	0.5	1	0.403223	0	0.269784
63	-3861.06	-3894.8	33.7357	-3894.8	0.403223	2.18719	0.209798	33.849	0.1	0.5	1	0.403223	0	0.276133
64	nan	-3877.09	nan	-3877.09	0.679977	3.05277	0.176917	nan	0.1	0.5	1	0.679977	0	0.351401
65	nan	-3879.11	nan	-3879.11	0.657148	3.16651	0.183718	nan	0.1	0.5	1	0.657148	0	0.395803
66	nan	-3876.23	nan	-3876.23	0.995581	4.73272	0.119267	nan	0.1	0.5	1	0.995581	0	0.538349
67	nan	-3878.05	nan	-3878.05	0.995581	4.70141	0.119267	nan	0.1	0.5	1	0.995581	0	0.562616
68	-3923.07	-3932.72	9.65837	-3932.72	0.216672	1.27094	0.285721	9.39857	0.1	0.5	1	0.216672	0	0.179989
69	nan	-3882.59	nan	-3882.59	0.585173	2.94737	0.16323	nan	0.1	0.5	1	0.585173	0	0.352817
70	-3920.4	-3895.84	-24.5596	-3895.84	3.31112	13.7852	0.0471189	-18.6305	0.1	0.5	1	3.31112	0	1.46573
71	nan	-3876.9	nan	-3876.9	0.657148	3.07194	0.183718	nan	0.1	0.5	1	0.657148	0	0.361595
72	nan	-3877.48	nan	-3877.48	0.995581	4.64677	0.119267	nan	0.1	0.5	1	0.995581	0	0.51404
73	-3861.06	-3894.8	33.7357	-3894.8	0.403223	2.18719	0.209798	33.849	0.1	0.5	1	0.403223	0	0.276133
74	-4020.96	-3997.12	-23.8404	-3997.12	1.74303	5.72933	0.157759	-21.0475	0.1	0.5	1	1.74303	0	0.452322
75	nan	-3878.96	nan	-3878.96	0.657148	3.09412	0.183718	nan	0.1	0.5	1	0.657148	0	0.356249
76	-3860.38	-3894.45	34.0633	-3894.45	0.403223	2.15802	0.209798	34.1766	0.1	0.5	1	0.403223	0	0.269784
77	nan	-3875.79	nan	-3875.79	0.679977	3.07594	0.176917	nan	0.1	0.5	1	0.679977	0	0.351387
78	-3923.07	-3932.72	9.65837	-3932.72	0.216672	1.27094	0.285721	9.39857	0.1	0.5	1	0.216672	0	0.179989
79	-3921.55	-3897.14	-24.4084	-3897.14	3.31112	13.6322	0.0471189	-18.4793	0.1	0.5	1	3.31112	0	1.44254
80	nan	-3875.79	nan	-3875.79	0.679977	3.07594	0.176917	nan	0.1	0.5	1	0.679977	0	0.351387
81	-3925.45	-3935.09	9.64315	-3935.09	0.216672	1.26971	0.285721	9.38334	0.1	0.5	1	0.216672	0	0.175498
82	nan	-3882.59	nan	-3882.59	0.585173	2.94737	0.16323	nan	0.1	0.5	1	0.585173	0	0.352817
83	-3860.38	-3894.45	34.0633	-3894.45	0.403223	2.15802	0.209798	34.1766	0.1	0.5	1	0.403223	0	0.269784
84	nan	-3879.49	nan	-3879.49	0.657148	3.04084	0.183718	nan	0.1	0.5	1	0.657148	0	0.359125
85	-3863.44	-3896.55	33.1083	-3896.55	0.403223	2.22977	0.209798	33.2216	0.1	0.5	1	0.403223	0	0.280876
86	nan	-3875.79	nan	-3875.79	0.679977	3.07594	0.176917	nan	0.1	0.5	1	0.679977	0	0.351387
87	nan	-3880.45	nan	-3880.45	0.995581	4.3986	0.119267	nan	0.1	0.5	1	0.995581	0	0.439327
88	-3923.07	-3932.72	9.65837	-3932.72	0.216672	1.27094	0.285721	9.39857	0.1	0.5	1	0.216672	0	0.179989
89	-3923.07	-3932.72	9.65837	-3932.72	0.216672	1.27094	0.285721	9.39857	0.1	0.5	1	0.216672	0	0.179989
90	-3861.06	-3894.8	33.7357	-3894.8	0.403223	2.18719	0.209798	33.849	0.1	0.5	1	0.403223	0	0.276133
91	nan	-3879.7	nan	-3879.7	0.657148	3.0506	0.183718	nan	0.1	0.5	1	0.657148	0	0.362113
92	-3860.38	-3894.45	34.0633	-3894.45	0.403223	2.15802	0.209798	34.1766	0.1	0.5	1	0.403223	0	0.269784
93	nan	-3879.7	nan	-3879.7	0.657148	3.0506	0.183718	nan	0.1	0.5	1	0.657148	0	0.362113
94	nan	-3904.13	nan	-3904.13	0.898455	4.96425	0.0810449	nan	0.1	0.5	1	0.898455	0	0.674981
95	-3860.38	-3894.45	34.0633	-3894.45	0.403223	2.15802	0.209798	34.1766	0.1	0.5	1	0.403223	0	0.269784
96	-4020.96	-3997.12	-23.8404	-3997.12	1.74303	5.72933	0.157759	-21.0475	0.1	0.5	1	1.74303	0	0.452322
97	-3921.49	-3897.16	-24.3276	-3897.16	3.31112	13.1702	0.0471189	-18.3985	0.1	0.5	1	3.31112	0	1.2121
98	nan	-3877.81	nan	-3877.81	1.37692	6.81567	0.0817991	nan	0.1	0.5	1	1.37692	0	0.83187
99	nan	-3905.16	nan	-3905.16	0.898455	4.80123	0.0810449	nan	0.1	0.5	1	0.898455	0	0.582332
100	nan	-3905.16	nan	-3905.16	0.898455	4.80123	0.0810449	nan	0.1	0.5	1	0.898455	0	0.582332
101	-3916.23	-3891.74	-24.4964	-3891.74	3.31112	13.486	0.0471189	-18.5673	0.1	0.5	1	3.31112	0	1.3702
102	nan	-3905.16	nan	-3905.16	0.898455	4.80123	0.0810449	nan	0.1	0.5	1	0.898455	0	0.582332
103	-3860.38	-3894.45	34.0633	-3894.45	0.403223	2.15802	0.209798	34.1766	0.1	0.5	1	0.403223	0	0.269784
104	-3861.06	-3894.8	33.7357	-3894.8	0.403223	2.18719	0.209798	33.849	0.1	0.5	1	0.403223	0	0.276133
105	nan	-3904.13	nan	-3904.13	0.898455	4.96425	0.0810449	nan	0.1	0.5	1	0.898455	0	0.674981
106	nan	-3904.13	nan	-3904.13	0.898455	4.96425	0.0810449	nan	0.1	0.5	1	0.898455	0	0.674981
107	nan	-3905.16	nan	-3905.16	0.898455	4.80123	0.0810449	nan	0.1	0.5	1	0.898455	0	0.582332
108	-4021.07	-3997.83	-23.2391	-3997.83	1.74303	5.67224	0.157759	-20.4461	0.1	0.5	1	1.74303	0	0.452322
109	nan	-3905.16	nan	-3905.16	0.898455	4.80123	0.0810449	nan	0.1	0.5	1	0.898455	0	0.582332
110	-3916.23	-3891.74	-24.4964	-3891.74	3.31112	13.486	0.0471189	-18.5673	0.1	0.5	1	3.31112	0	1.3702
111	nan	-3876.35	nan	-3876.35	0.657148	2.97895	0.183718	nan	0.1	0.5	1	0.657148	0	0.328341
112	-3916.23	-3891.74	-24.4964	-3891.74	3.31112	13.486	0.0471189	-18.5673	0.1	0.5	1	3.31112	0	1.3702
113	-3923.07	-3932.72	9.65837	-3932.72	0.216672	1.27094	0.285721	9.39857	0.1	0.5	1	0.216672	0	0.179989
114	-4020.71	-3997.42	-23.2955	-3997.42	1.74303	5.74877	0.157759	-20.5026	0.1	0.5	1	1.74303	0	0.461137
115	nan	-3883.48	nan	-3883.48	0.585173	2.89217	0.16323	nan	0.1	0.5	1	0.585173	0	0.334816
116	nan	-3875.62	nan	-3875.62	0.679977	3.06309	0.176917	nan	0.1	0.5	1	0.679977	0	0.337608
117	nan	-3879.62	nan	-3879.62	0.657148	2.89124	0.183718	nan	0.1	0.5	1	0.657148	0	0.30423
118	-3917.42	-3892.77	-24.6477	-3892.77	3.31112	13.548	0.0471189	-18.7186	0.1	0.5	1	3.31112	0	1.44344
119	nan	-3905.16	nan	-3905.16	0.898455	4.80123	0.0810449	nan	0.1	0.5	1	0.898455	0	0.582332
120	-4020.96	-3997.12	-23.8404	-3997.12	1.74303	5.72933	0.157759	-21.0475	0.1	0.5	1	1.74303	0	0.452322
121	nan	-3875.79	nan	-3875.79	0.679977	3.07594	0.176917	nan	0.1	0.5	1	0.679977	0	0.351387
122	-4020.79	-3997.32	-23.4733	-3997.32	1.74303	5.70014	0.157759	-20.6804	0.1	0.5	1	1.74303	0	0.452322
123	nan	-3883.48	nan	-3883.48	0.585173	2.89217	0.16323	nan	0.1	0.5	1	0.585173	0	0.334816
124	-3917.93	-3893.2	-24.7313	-3893.2	3.31112	13.2611	0.0471189	-18.8022	0.1	0.5	1	3.31112	0	1.23218
125	-3860.38	-3894.45	34.0633	-3894.45	0.403223	2.15802	0.209798	34.1766	0.1	0.5	1	0.403223	0	0.269784
126	nan	-3879.11	nan	-3879.11	0.657148	3.16651	0.183718	nan	0.1	0.5	1	0.657148	0	0.395803
127	nan	-3905.25	nan	-3905.25	0.898455	4.93539	0.0810449	nan	0.1	0.5	1	0.898455	0	0.667485
128	nan	-3905.16	nan	-3905.16	0.898455	4.80123	0.0810449	nan	0.1	0.5	1	0.898455	0	0.582332
129	nan	-3904.13	nan	-3904.13	0.898455	4.96425	0.0810449	nan	0.1	0.5	1	0.898455	0	0.674981
130	nan	-3879.11	nan	-3879.11	0.657148	3.16651	0.183718	nan	0.1	0.5	1	0.657148	0	0.395803
131	nan	-3904.13	nan	-3904.13	0.898455	4.96425	0.0810449	nan	0.1	0.5	1	0.898455	0	0.674981
132	nan	-3905.16	nan	-3905.16	0.898455	4.80123	0.0810449	nan	0.1	0.5	1	0.898455	0	0.582332
133	nan	-3875.79	nan	-3875.79	0.679977	3.07594	0.176917	nan	0.1	0.5	1	0.679977	0	0.351387
134	nan	-3878.34	nan	-3878.34	1.37692	6.55265	0.0817991	nan	0.1	0.5	1	1.37692	0	0.723584
135	nan	-3904.95	nan	-3904.95	0.898455	4.91821	0.0810449	nan	0.1	0.5	1	0.898455	0	0.644876
136	-3861.06	-3894.8	33.7357	-3894.8	0.403223	2.18719	0.209798	33.849	0.1	0.5	1	0.403223	0	0.276133
137	nan	-3875.9	nan	-3875.9	0.995581	4.74315	0.119267	nan	0.1	0.5	1	0.995581	0	0.54928
138	nan	-3875.79	nan	-3875.79	0.679977	3.07594	0.176917	nan	0.1	0.5	1	0.679977	0	0.351387
139	nan	-3877.34	nan	-3877.34	0.679977	3.18588	0.176917	nan	0.1	0.5	1	0.679977	0	0.360815
140	-3860.38	-3894.45	34.0633	-3894.45	0.403223	2.15802	0.209798	34.1766	0.1	0.5	1	0.403223	0	0.269784
141	nan	-3905.16	nan	-3905.16	0.898455	4.80123	0.0810449	nan	0.1	0.5	1	0.898455	0	0.582332
142	nan	-3878.76	nan	-3878.76	0.995581	4.61159	0.119267	nan	0.1	0.5	1	0.995581	0	0.480734
143	nan	-3875.79	nan	-3875.79	0.679977	3.07594	0.176917	nan	0.1	0.5	1	0.679977	0	0.351387
144	nan	-3905.16	nan	-3905.16	0.898455	4.80123	0.0810449	nan	0.1	0.5	1	0.898455	0	0.582332
145	-3860.38	-3894.45	34.0633	-3894.45	0.403223	2.15802	0.209798	34.1766	0.1	0.5	1	0.403223	0	0.269784
146	-3860.38	-3894.45	34.0633	-3894.45	0.403223	2.15802	0.209798	34.1766	0.1	0.5	1	0.403223	0	0.269784
147	nan	-3879.26	nan	-3879.26	0.657148	2.88977	0.183718	nan	0.1	0.5	1	0.657148	0	0.314636
148	nan	-3876.23	nan	-3876.23	0.995581	4.73272	0.119267	nan	0.1	0.5	1	0.995581	0	0.538349
149	-3923.07	-3932.72	9.65837	-3932.72	0.216672	1.27094	0.285721	9.39857	0.1	0.5	1	0.216672	0	0.179989
150	nan	-3882.59	nan	-3882.59	0.585173	2.94737	0.16323	nan	0.1	0.5	1	0.585173	0	0.352817
151	nan	-3883.48	nan	-3883.48	0.585173	2.89217	0.16323	nan	0.1	0.5	1	0.585173	0	0.334816
152	nan	-3880.55	nan	-3880.55	1.37692	6.52071	0.0817991	nan	0.1	0.5	1	1.37692	0	0.711525
153	-3923.07	-3932.72	9.65837	-3932.72	0.216672	1.27094	0.285721	9.39857	0.1	0.5	1	0.216672	0	0.179989
154	-4021.07	-3997.83	-23.2391	-3997.83	1.74303	5.67224	0.157759	-20.4461	0.1	0.5	1	1.74303	0	0.452322
155	nan	-3878.12	nan	-3878.12	1.37692	6.39937	0.0817991	nan	0.1	0.5	1	1.37692	0	0.74727
156	nan	-3880.55	nan	-3880.55	1.37692	6.52071	0.0817991	nan	0.1	0.5	1	1.37692	0	0.711525
157	nan	-3904.13	nan	-3904.13	0.898455	4.96425	0.0810449	nan	0.1	0.5	1	0.898455	0	0.674981
158	nan	-3879.8	nan	-3879.8	1.37692	6.84707	0.0817991	nan	0.1	0.5	1	1.37692	0	0.86976
159	nan	-3883.48	nan	-3883.48	0.585173	2.89217	0.16323	nan	0.1	0.5	1	0.585173	0	0.334816
160	nan	-3878.91	nan	-3878.91	0.657148	3.04412	0.183718	nan	0.1	0.5	1	0.657148	0	0.341063
161	-3923.07	-3932.72	9.65837	-3932.72	0.216672	1.27094	0.285721	9.39857	0.1	0.5	1	0.216672	0	0.179989
162	nan	-3880.24	nan	-3880.24	1.37692	7.00187	0.0817991	nan	0.1	0.5	1	1.37692	0	0.820684
163	nan	-3878.62	nan	-3878.62	1.37692	6.47876	0.0817991	nan	0.1	0.5	1	1.37692	0	0.734562
164	-4020.71	-3997.42	-23.2955	-3997.42	1.74303	5.74877	0.157759	-20.5026	0.1	0.5	1	1.74303	0	0.461137
165	nan	-3894.44	nan	-3894.44	3.31112	13.3491	0.0471189	nan	0.1	0.5	1	3.31112	0	1.28637
166	nan	-3875.95	nan	-3875.95	1.37692	6.48295	0.0817991	nan	0.1	0.5	1	1.37692	0	0.737466
167	nan	-3880.55	nan	-3880.55	1.37692	6.52071	0.0817991	nan	0.1	0.5	1	1.37692	0	0.711525
168	-4020.96	-3997.12	-23.8404	-3997.12	1.74303	5.72933	0.157759	-21.0475	0.1	0.5	1	1.74303	0	0.452322
169	nan	-3905.16	nan	-3905.16	0.898455	4.80123	0.0810449	nan	0.1	0.5	1	0.898455	0	0.582332
170	nan	-3879.13	nan	-3879.13	1.37692	6.39403	0.0817991	nan	0.1	0.5	1	1.37692	0	0.657607
171	-3917.93	-3893.2	-24.7313	-3893.2	3.31112	13.2611	0.0471189	-18.8022	0.1	0.5	1	3.31112	0	1.23218
172	nan	-3875.79	nan	-3875.79	0.679977	3.07594	0.176917	nan	0.1	0.5	1	0.679977	0	0.351387
173	nan	-3880.55	nan	-3880.55	1.37692	6.52071	0.0817991	nan	0.1	0.5	1	1.37692	0	0.711525
174	nan	-3877.12	nan	-3877.12	0.657148	3.03743	0.183718	nan	0.1	0.5	1	0.657148	0	0.323449
175	nan	-3882.59	nan	-3882.59	0.585173	2.94737	0.16323	nan	0.1	0.5	1	0.585173	0	0.352817
176	nan	-3883.48	nan	-3883.48	0.585173	2.89217	0.16323	nan	0.1	0.5	1	0.585173	0	0.334816
177	nan	-3878.76	nan	-3878.76	0.995581	4.61159	0.119267	nan	0.1	0.5	1	0.995581	0	0.480734
178	nan	-3880.55	nan	-3880.55	1.37692	6.52071	0.0817991	nan	0.1	0.5	1	1.37692	0	0.711525
179	-3923.07	-3932.72	9.65837	-3932.72	0.216672	1.27094	0.285721	9.39857	0.1	0.5	1	0.216672	0	0.179989
180	-3917.93	-3893.2	-24.7313	-3893.2	3.31112	13.2611	0.0471189	-18.8022	0.1	0.5	1	3.31112	0	1.23218
181	-3920.28	-3896.1	-24.1848	-3896.1	3.31112	13.2532	0.0471189	-18.2558	0.1	0.5	1	3.31112	0	1.45526
182	nan	-3876.86	nan	-3876.86	0.679977	3.01801	0.176917	nan	0.1	0.5	1	0.679977	0	0.339074
183	-4025.66	-4002.57	-23.0863	-4002.57	1.74303	5.52548	0.157759	-20.2934	0.1	0.5	1	1.74303	0	0.373018
184	nan	-3905.16	nan	-3905.16	0.898455	4.80123	0.0810449	nan	0.1	0.5	1	0.898455	0	0.582332
185	nan	-3905.16	nan	-3905.16	0.898455	4.80123	0.0810449	nan	0.1	0.5	1	0.898455	0	0.582332
186	nan	-3880.82	nan	-3880.82	0.657148	2.96195	0.183718	nan	0.1	0.5	1	0.657148	0	0.368176
187	-3861.06	-3894.8	33.7357	-3894.8	0.403223	2.18719	0.209798	33.849	0.1	0.5	1	0.403223	0	0.276133
188	nan	-3878.91	nan	-3878.91	0.657148	3.04412	0.183718	nan	0.1	0.5	1	0.657148	0	0.341063
189	-3860.38	-3894.45	34.0633	-3894.45	0.403223	2.15802	0.209798	34.1766	0.1	0.5	1	0.403223	0	0.269784
190	nan	-3906.03	nan	-3906.03	0.898455	4.8588	0.0810449	nan	0.1	0.5	1	0.898455	0	0.640495
191	nan	-3877.87	nan	-3877.87	0.995581	4.5756	0.119267	nan	0.1	0.5	1	0.995581	0	0.494715
192	-3923.07	-3932.72	9.65837	-3932.72	0.216672	1.27094	0.285721	9.39857	0.1	0.5	1	0.216672	0	0.179989
193	nan	-3878.03	nan	-3878.03	1.37692	6.4129	0.0817991	nan	0.1	0.5	1	1.37692	0	0.74727
194	-3860.38	-3894.45	34.0633	-3894.45	0.403223	2.15802	0.209798	34.1766	0.1	0.5	1	0.403223	0	0.269784
195	nan	-3883.48	nan	-3883.48	0.585173	2.89217	0.16323	nan	0.1	0.5	1	0.585173	0	0.334816
196	nan	-3905.16	nan	-3905.16	0.898455	4.80123	0.0810449	nan	0.1	0.5	1	0.898455	0	0.582332
197	nan	-3875.62	nan	-3875.62	0.679977	3.06309	0.176917	nan	0.1	0.5	1	0.679977	0	0.337608
198	nan	-3882.59	nan	-3882.59	0.585173	2.94737	0.16323	nan	0.1	0.5	1	0.585173	0	0.352817
199	-3863.44	-3896.55	33.1083	-3896.55	0.403223	2.22977	0.209798	33.2216	0.1	0.5	1	0.403223	0	0.280876
200	-4020.96	-3997.12	-23.8404	-3997.12	1.74303	5.72933	0.157759	-21.0475	0.1	0.5	1	1.74303	0	0.452322
201	nan	-3883.48	nan	-3883.48	0.585173	2.89217	0.16323	nan	0.1	0.5	1	0.585173	0	0.334816
202	-4020.96	-3997.12	-23.8404	-3997.12	1.74303	5.72933	0.157759	-21.0475	0.1	0.5	1	1.74303	0	0.452322
203	nan	-3880.45	nan	-3880.45	0.995581	4.3986	0.119267	nan	0.1	0.5	1	0.995581	0	0.439327
204	nan	-3875.79	nan	-3875.79	0.679977	3.07594	0.176917	nan	0.1	0.5	1	0.679977	0	0.351387
205	-3927.19	-3936.22	9.02362	-3936.22	0.216672	1.29545	0.285721	8.76382	0.1	0.5	1	0.216672	0	0.185755
206	nan	-3876.23	nan	-3876.23	0.995581	4.73272	0.119267	nan	0.1	0.5	1	0.995581	0	0.538349
207	nan	-3905.16	nan	-3905.16	0.898455	4.80123	0.0810449	nan	0.1	0.5	1	0.898455	0	0.582332
208	nan	-3878.39	nan	-3878.39	1.37692	6.85178	0.0817991	nan	0.1	0.5	1	1.37692	0	0.845861
209	nan	-3904.95	nan	-3904.95	0.898455	4.91821	0.0810449	nan	0.1	0.5	1	0.898455	0	0.644876
210	-3923.07	-3932.72	9.65837	-3932.72	0.216672	1.27094	0.285721	9.39857	0.1	0.5	1	0.216672	0	0.179989
211	-3923.07	-3932.72	9.65837	-3932.72	0.216672	1.27094	0.285721	9.39857	0.1	0.5	1	0.216672	0	0.179989
212	-3923.07	-3932.72	9.65837	-3932.72	0.216672	1.27094	0.285721	9.39857	0.1	0.5	1	0.216672	0	0.179989
213	-4022.6	-3999.56	-23.0351	-3999.56	1.74303	5.69938	0.157759	-20.2422	0.1	0.5	1	1.74303	0	0.461137
214	nan	-3905.16	nan	-3905.16	0.898455	4.80123	0.0810449	nan	0.1	0.5	1	0.898455	0	0.582332
215	nan	-3880.55	nan	-3880.55	1.37692	6.52071	0.0817991	nan	0.1	0.5	1	1.37692	0	0.711525
216	-3916.23	-3891.74	-24.4964	-3891.74	3.31112	13.486	0.0471189	-18.5673	0.1	0.5	1	3.31112	0	1.3702
217	-3925.45	-3935.09	9.64315	-3935.09	0.216672	1.26971	0.285721	9.38334	0.1	0.5	1	0.216672	0	0.175498
218	-3923.07	-3932.72	9.65837	-3932.72	0.216672	1.27094	0.285721	9.39857	0.1	0.5	1	0.216672	0	0.179989
219	nan	-3883.48	nan	-3883.48	0.585173	2.89217	0.16323	nan	0.1	0.5	1	0.585173	0	0.334816
220	nan	-3905.16	nan	-3905.16	0.898455	4.80123	0.0810449	nan	0.1	0.5	1	0.898455	0	0.582332
221	-3923.07	-3932.72	9.65837	-3932.72	0.216672	1.27094	0.285721	9.39857	0.1	0.5	1	0.216672	0	0.179989
222	-3861.06	-3894.8	33.7357	-3894.8	0.403223	2.18719	0.209798	33.849	0.1	0.5	1	0.403223	0	0.276133
223	nan	-3879.13	nan	-3879.13	1.37692	6.8057	0.0817991	nan	0.1	0.5	1	1.37692	0	0.849052
224	-3860.38	-3894.45	34.0633	-3894.45	0.403223	2.15802	0.209798	34.1766	0.1	0.5	1	0.403223	0	0.269784
225	nan	-3877.54	nan	-3877.54	0.657148	3.1044	0.183718	nan	0.1	0.5	1	0.657148	0	0.361595
226	nan	-3876.23	nan	-3876.23	0.995581	4.73272	0.119267	nan	0.1	0.5	1	0.995581	0	0.538349
227	nan	-3879.7	nan	-3879.7	0.657148	3.0506	0.183718	nan	0.1	0.5	1	0.657148	0	0.362113
228	nan	-3878.39	nan	-3878.39	1.37692	6.85178	0.0817991	nan	0.1	0.5	1	1.37692	0	0.845861
229	nan	-3879.03	nan	-3879.03	0.657148	3.05537	0.183718	nan	0.1	0.5	1	0.657148	0	0.343086
230	-3923.07	-3932.72	9.65837	-3932.72	0.216672	1.27094	0.285721	9.39857	0.1	0.5	1	0.216672	0	0.179989
231	nan	-3907.44	nan	-3907.44	0.898455	4.95237	0.0810449	nan	0.1	0.5	1	0.898455	0	0.664183
232	nan	-3875.79	nan	-3875.79	0.679977	3.07594	0.176917	nan	0.1	0.5	1	0.679977	0	0.351387
233	nan	-3875.79	nan	-3875.79	0.679977	3.07594	0.176917	nan	0.1	0.5	1	0.679977	0	0.351387
234	-3916.23	-3891.74	-24.4964	-3891.74	3.31112	13.486	0.0471189	-18.5673	0.1	0.5	1	3.31112	0	1.3702
235	nan	-3875.96	nan	-3875.96	0.679977	3.16174	0.176917	nan	0.1	0.5	1	0.679977	0	0.377666
236	nan	-3883.48	nan	-3883.48	0.585173	2.89217	0.16323	nan	0.1	0.5	1	0.585173	0	0.334816
237	-3927.19	-3936.22	9.02362	-3936.22	0.216672	1.29545	0.285721	8.76382	0.1	0.5	1	0.216672	0	0.185755
238	nan	-3886.38	nan	-3886.38	0.585173	3.07924	0.16323	nan	0.1	0.5	1	0.585173	0	0.4299
239	-3925.45	-3935.09	9.64315	-3935.09	0.216672	1.26971	0.285721	9.38334	0.1	0.5	1	0.216672	0	0.175498
240	nan	-3886.38	nan	-3886.38	0.585173	3.07924	0.16323	nan	0.1	0.5	1	0.585173	0	0.4299
241	-4020.71	-3997.42	-23.2955	-3997.42	1.74303	5.74877	0.157759	-20.5026	0.1	0.5	1	1.74303	0	0.461137
242	nan	-3904.95	nan	-3904.95	0.898455	4.91821	0.0810449	nan	0.1	0.5	1	0.898455	0	0.644876
243	-3861.06	-3894.8	33.7357	-3894.8	0.403223	2.18719	0.209798	33.849	0.1	0.5	1	0.403223	0	0.276133
244	-3860.38	-3894.45	34.0633	-3894.45	0.403223	2.15802	0.209798	34.1766	0.1	0.5	1	0.403223	0	0.269784
245	-3921.49	-3897.16	-24.3276	-3897.16	3.31112	13.1702	0.0471189	-18.3985	0.1	0.5	1	3.31112	0	1.2121
246	-3917.26	-3892.15	-25.1057	-3892.15	3.31112	13.3532	0.0471189	-19.1766	0.1	0.5	1	3.31112	0	1.29944
247	nan	-3875.79	nan	-3875.79	0.679977	3.07594	0.176917	nan	0.1	0.5	1	0.679977	0	0.351387
248	nan	-3880.55	nan	-3880.55	1.37692	6.52071	0.0817991	nan	0.1	0.5	1	1.37692	0	0.711525
249	nan	-3875.79	nan	-3875.79	0.679977	3.07594	0.176917	nan	0.1	0.5	1	0.679977	0	0.351387
250	nan	-3875.79	nan	-3875.79	0.679977	3.07594	0.176917	nan	0.1	0.5	1	0.679977	0	0.351387
251	-3861.06	-3894.8	33.7357	-3894.8	0.403223	2.18719	0.209798	33.849	0.1	0.5	1	0.403223	0	0.276133
252	-4023.17	-3999.71	-23.4622	-3999.71	1.74303	5.66404	0.157759	-20.6693	0.1	0.5	1	1.74303	0	0.43828
253	-4020.96	-3997.12	-23.8404	-3997.12	1.74303	5.72933	0.157759	-21.0475	0.1	0.5	1	1.74303	0	0.452322
254	-3919.87	-3894.66	-25.2187	-3894.66	3.31112	13.8036	0.0471189	-19.2896	0.1	0.5	1	3.31112	0	1.52344
255	-3920.66	-3896.09	-24.5631	-3896.09	3.31112	13.3608	0.0471189	-18.634	0.1	0.5	1	3.31112	0	1.43462
256	nan	-3876.9	nan	-3876.9	0.657148	3.07194	0.183718	nan	0.1	0.5	1	0.657148	0	0.361595
257	nan	-3905.16	nan	-3905.16	0.898455	4.80123	0.0810449	nan	0.1	0.5	1	0.898455	0	0.582332
258	nan	-3879.62	nan	-3879.62	1.37692	6.99856	0.0817991	nan	0.1	0.5	1	1.37692	0	0.829524
259	nan	-3905.16	nan	-3905.16	0.898455	4.80123	0.0810449	nan	0.1	0.5	1	0.898455	0	0.582332
260	-3928.98	-3937.87	8.88857	-3937.87	0.216672	1.29943	0.285721	8.62877	0.1	0.5	1	0.216672	0	0.186994
261	-3922.04	-3897.62	-24.422	-3897.62	3.31112	13.6311	0.0471189	-18.4929	0.1	0.5	1	3.31112	0	1.40514
262	nan	-3875.79	nan	-3875.79	0.679977	3.07594	0.176917	nan	0.1	0.5	1	0.679977	0	0.351387
263	-3863.44	-3896.55	33.1083	-3896.55	0.403223	2.22977	0.209798	33.2216	0.1	0.5	1	0.403223	0	0.280876
264	nan	-3878.09	nan	-3878.09	0.995581	4.43248	0.119267	nan	0.1	0.5	1	0.995581	0	0.480868
265	-3919.1	-3894.11	-24.9905	-3894.11	3.31112	13.4223	0.0471189	-19.0614	0.1	0.5	1	3.31112	0	1.3342
266	-3920.28	-3896.1	-24.1848	-3896.1	3.31112	13.2532	0.0471189	-18.2558	0.1	0.5	1	3.31112	0	1.45526
267	nan	-3876.23	nan	-3876.23	0.995581	4.73272	0.119267	nan	0.1	0.5	1	0.995581	0	0.538349
268	nan	-3876.35	nan	-3876.35	0.657148	2.97895	0.183718	nan	0.1	0.5	1	0.657148	0	0.328341
269	nan	-3879.2	nan	-3879.2	1.37692	6.79788	0.0817991	nan	0.1	0.5	1	1.37692	0	0.849052
270	-3923.07	-3932.72	9.65837	-3932.72	0.216672	1.27094	0.285721	9.39857	0.1	0.5	1	0.216672	0	0.179989
271	-3860.38	-3894.45	34.0633	-3894.45	0.403223	2.15802	0.209798	34.1766	0.1	0.5	1	0.403223	0	0.269784
272	-4020.79	-3997.32	-23.4733	-3997.32	1.74303	5.70014	0.157759	-20.6804	0.1	0.5	1	1.74303	0	0.452322
273	nan	-3880.55	nan	-3880.55	1.37692	6.52071	0.0817991	nan	0.1	0.5	1	1.37692	0	0.711525
274	nan	-3876.23	nan	-3876.23	0.995581	4.73272	0.119267	nan	0.1	0.5	1	0.995581	0	0.538349
275	-3919.87	-3894.66	-25.2187	-3894.66	3.31112	13.8036	0.0471189	-19.2896	0.1	0.5	1	3.31112	0	1.52344
276	nan	-3875.79	nan	-3875.79	0.679977	3.07594	0.176917	nan	0.1	0.5	1	0.679977	0	0.351387
277	-3923.07	-3932.72	9.65837	-3932.72	0.216672	1.27094	0.285721	9.39857	0.1	0.5	1	0.216672	0	0.179989
278	nan	-3879.7	nan	-3879.7	0.657148	3.0506	0.183718	nan	0.1	0.5	1	0.657148	0	0.362113
279	-3861.06	-3894.8	33.7357	-3894.8	0.403223	2.18719	0.209798	33.849	0.1	0.5	1	0.403223	0	0.276133
280	-3860.38	-3894.45	34.0633	-3894.45	0.403223	2.15802	0.209798	34.1766	0.1	0.5	1	0.403223	0	0.269784
281	-4020.79	-3997.32	-23.4733	-3997.32	1.74303	5.70014	0.157759	-20.6804	0.1	0.5	1	1.74303	0	0.452322
282	-3861.06	-3894.8	33.7357	-3894.8	0.403223	2.18719	0.209798	33.849	0.1	0.5	1	0.403223	0	0.276133
283	-4020.71	-3997.42	-23.2955	-3997.42	1.74303	5.74877	0.157759	-20.5026	0.1	0.5	1	1.74303	0	0.461137
284	nan	-3876.35	nan	-3876.35	0.657148	2.97895	0.183718	nan	0.1	0.5	1	0.657148	0	0.328341
285	nan	-3881.05	nan	-3881.05	0.995581	4.96144	0.119267	nan	0.1	0.5	1	0.995581	0	0.625531
286	-4020.96	-3997.12	-23.8404	-3997.12	1.74303	5.72933	0.157759	-21.0475	0.1	0.5	1	1.74303	0	0.452322
287	nan	-3878.95	nan	-3878.95	0.657148	3.06337	0.183718	nan	0.1	0.5	1	0.657148	0	0.356542
288	nan	-3880.55	nan	-3880.55	1.37692	6.52071	0.0817991	nan	0.1	0.5	1	1.37692	0	0.711525
289	-3927.19	-3936.22	9.02362	-3936.22	0.216672	1.29545	0.285721	8.76382	0.1	0.5	1	0.216672	0	0.185755
290	nan	-3877.37	nan	-3877.37	0.679977	3.037	0.176917	nan	0.1	0.5	1	0.679977	0	0.351401
291	-3925.45	-3935.09	9.64315	-3935.09	0.216672	1.26971	0.285721	9.38334	0.1	0.5	1	0.216672	0	0.175498
292	nan	-3879.13	nan	-3879.13	1.37692	6.8057	0.0817991	nan	0.1	0.5	1	1.37692	0	0.849052
293	-3923.07	-3932.72	9.65837	-3932.72	0.216672	1.27094	0.285721	9.39857	0.1	0.5	1	0.216672	0	0.179989
294	nan	-3886.38	nan	-3886.38	0.585173	3.07924	0.16323	nan	0.1	0.5	1	0.585173	0	0.4299
295	-4026.37	-4003.11	-23.2609	-4003.11	1.74303	5.74365	0.157759	-20.4679	0.1	0.5	1	1.74303	0	0.403424
296	nan	-3894.44	nan	-3894.44	3.31112	13.3491	0.0471189	nan	0.1	0.5	1	3.31112	0	1.28637
297	nan	-3876.84	nan	-3876.84	1.37692	6.66895	0.0817991	nan	0.1	0.5	1	1.37692	0	0.827005
298	nan	-3876.54	nan	-3876.54	0.995581	4.50177	0.119267	nan	0.1	0.5	1	0.995581	0	0.49821
299	nan	-3876.23	nan	-3876.23	0.995581	4.73272	0.119267	nan	0.1	0.5	1	0.995581	0	0.538349
300	-3925.45	-3935.09	9.64315	-3935.09	0.216672	1.26971	0.285721	9.38334	0.1	0.5	1	0.216672	0	0.175498
301	nan	-3879.13	nan	-3879.13	1.37692	6.39403	0.0817991	nan	0.1	0.5	1	1.37692	0	0.657607
302	-3923.07	-3932.72	9.65837	-3932.72	0.216672	1.27094	0.285721	9.39857	0.1	0.5	1	0.216672	0	0.179989
303	-3923.07	-3932.72	9.65837	-3932.72	0.216672	1.27094	0.285721	9.39857	0.1	0.5	1	0.216672	0	0.179989
304	nan	-3905.16	nan	-3905.16	0.898455	4.80123	0.0810449	nan	0.1	0.5	1	0.898455	0	0.582332
305	nan	-3883.48	nan	-3883.48	0.585173	2.89217	0.16323	nan	0.1	0.5	1	0.585173	0	0.334816
306	nan	-3876.23	nan	-3876.23	0.995581	4.73272	0.119267	nan	0.1	0.5	1	0.995581	0	0.538349
307	-4020.79	-3997.32	-23.4733	-3997.32	1.74303	5.70014	0.157759	-20.6804	0.1	0.5	1	1.74303	0	0.452322
308	nan	-3880.45	nan	-3880.45	0.995581	4.3986	0.119267	nan	0.1	0.5	1	0.995581	0	0.439327
309	nan	-3876.71	nan	-3876.71	0.995581	4.63182	0.119267	nan	0.1	0.5	1	0.995581	0	0.501147
310	nan	-3875.79	nan	-3875.79	0.679977	3.07594	0.176917	nan	0.1	0.5	1	0.679977	0	0.351387
311	-3918.26	-3894.02	-24.2395	-3894.02	3.31112	13.1801	0.0471189	-18.3104	0.1	0.5	1	3.31112	0	1.33409
312	nan	-3876.23	nan	-3876.23	0.995581	4.73272	0.119267	nan	0.1	0.5	1	0.995581	0	0.538349
313	nan	-3881.32	nan	-3881.32	0.885352	4.70749	0.107464	nan	0.1	0.5	1	0.885352	0	0.620824
314	nan	-3875.79	nan	-3875.79	0.679977	3.07594	0.176917	nan	0.1	0.5	1	0.679977	0	0.351387
315	-3920.28	-3896.1	-24.1848	-3896.1	3.31112	13.2532	0.0471189	-18.2558	0.1	0.5	1	3.31112	0	1.45526
316	nan	-3876.9	nan	-3876.9	0.657148	3.07194	0.183718	nan	0.1	0.5	1	0.657148	0	0.361595
317	nan	-3877.05	nan	-3877.05	0.657148	2.9543	0.183718	nan	0.1	0.5	1	0.657148	0	0.314943
318	nan	-3875.79	nan	-3875.79	0.679977	3.07594	0.176917	nan	0.1	0.5	1	0.679977	0	0.351387
319	nan	-3905.16	nan	-3905.16	0.898455	4.80123	0.0810449	nan	0.1	0.5	1	0.898455	0	0.582332
320	nan	-3882.59	nan	-3882.59	0.585173	2.94737	0.16323	nan	0.1	0.5	1	0.585173	0	0.352817
321	nan	-3883.48	nan	-3883.48	0.585173	2.89217	0.16323	nan	0.1	0.5	1	0.585173	0	0.334816
322	-3861.06	-3894.8	33.7357	-3894.8	0.403223	2.18719	0.209798	33.849	0.1	0.5	1	0.403223	0	0.276133
323	nan	-3880.45	nan	-3880.45	0.995581	4.3986	0.119267	nan	0.1	0.5	1	0.995581	0	0.439327
324	-3863.44	-3896.55	33.1083	-3896.55	0.403223	2.22977	0.209798	33.2216	0.1	0.5	1	0.403223	0	0.280876
325	nan	-3877.54	nan	-3877.54	0.657148	3.1044	0.183718	nan	0.1	0.5	1	0.657148	0	0.361595
326	nan	-3880.55	nan	-3880.55	1.37692	6.52071	0.0817991	nan	0.1	0.5	1	1.37692	0	0.711525
327	nan	-3904.13	nan	-3904.13	0.898455	4.96425	0.0810449	nan	0.1	0.5	1	0.898455	0	0.674981
328	-3923.07	-3932.72	9.65837	-3932.72	0.216672	1.27094	0.285721	9.39857	0.1	0.5	1	0.216672	0	0.179989
329	-3923.07	-3932.72	9.65837	-3932.72	0.216672	1.27094	0.285721	9.39857	0.1	0.5	1	0.216672	0	0.179989
330	nan	-3904.13	nan	-3904.13	0.898455	4.96425	0.0810449	nan	0.1	0.5	1	0.898455	0	0.674981
331	-3860.38	-3894.45	34.0633	-3894.45	0.403223	2.15802	0.209798	34.1766	0.1	0.5	1	0.403223	0	0.269784
332	-4020.71	-3997.42	-23.2955	-3997.42	1.74303	5.74877	0.157759	-20.5026	0.1	0.5	1	1.74303	0	0.461137
333	nan	-3878.34	nan	-3878.34	1.37692	6.55265	0.0817991	nan	0.1	0.5	1	1.37692	0	0.723584
334	nan	-3905.16	nan	-3905.16	0.898455	4.80123	0.0810449	nan	0.1	0.5	1	0.898455	0	0.582332
335	nan	-3875.79	nan	-3875.79	0.679977	3.07594	0.176917	nan	0.1	0.5	1	0.679977	0	0.351387
336	nan	-3875.79	nan	-3875.79	0.679977	3.07594	0.176917	nan	0.1	0.5	1	0.679977	0	0.351387
337	-3923.07	-3932.72	9.65837	-3932.72	0.216672	1.27094	0.285721	9.39857	0.1	0.5	1	0.216672	0	0.179989
338	nan	-3875.79	nan	-3875.79	0.679977	3.07594	0.176917	nan	0.1	0.5	1	0.679977	0	0.351387
339	nan	-3880.45	nan	-3880.45	0.995581	4.3986	0.119267	nan	0.1	0.5	1	0.995581	0	0.439327
340	-3916.23	-3891.74	-24.4964	-3891.74	3.31112	13.486	0.0471189	-18.5673	0.1	0.5	1	3.31112	0	1.3702
341	-4020.96	-3997.12	-23.8404	-3997.12	1.74303	5.72933	0.157759	-21.0475	0.1	0.5	1	1.74303	0	0.452322
342	nan	-3875.79	nan	-3875.79	0.679977	3.07594	0.176917	nan	0.1	0.5	1	0.679977	0	0.351387
343	nan	-3880.45	nan	-3880.45	0.995581	4.3986	0.119267	nan	0.1	0.5	1	0.995581	0	0.439327
344	nan	-3875.96	nan	-3875.96	0.679977	3.16174	0.176917	nan	0.1	0.5	1	0.679977	0	0.377666
345	nan	-3875.58	nan	-3875.58	0.995581	4.53373	0.119267	nan	0.1	0.5	1	0.995581	0	0.492508
346	-4023.33	-4000.09	-23.2421	-4000.09	1.74303	5.63844	0.157759	-20.4491	0.1	0.5	1	1.74303	0	0.43828
347	nan	-3875.79	nan	-3875.79	0.679977	3.07594	0.176917	nan	0.1	0.5	1	0.679977	0	0.351387
348	nan	-3876.84	nan	-3876.84	1.37692	6.66895	0.0817991	nan	0.1	0.5	1	1.37692	0	0.827005
349	-3923.07	-3932.72	9.65837	-3932.72	0.216672	1.27094	0.285721	9.39857	0.1	0.5	1	0.216672	0	0.179989
350	-3860.38	-3894.45	34.0633	-3894.45	0.403223	2.15802	0.209798	34.1766	0.1	0.5	1	0.403223	0	0.269784
351	nan	-3883.48	nan	-3883.48	0.585173	2.89217	0.16323	nan	0.1	0.5	1	0.585173	0	0.334816
352	nan	-3875.79	nan	-3875.79	0.679977	3.07594	0.176917	nan	0.1	0.5	1	0.679977	0	0.351387
353	nan	-3880.55	nan	-3880.55	1.37692	6.52071	0.0817991	nan	0.1	0.5	1	1.37692	0	0.711525
354	nan	-3879.11	nan	-3879.11	0.657148	3.16651	0.183718	nan	0.1	0.5	1	0.657148	0	0.395803
355	nan	-3876.9	nan	-3876.9	0.657148	3.07194	0.183718	nan	0.1	0.5	1	0.657148	0	0.361595
356	nan	-3876.23	nan	-3876.23	0.995581	4.73272	0.119267	nan	0.1	0.5	1	0.995581	0	0.538349
357	-3860.38	-3894.45	34.0633	-3894.45	0.403223	2.15802	0.209798	34.1766	0.1	0.5	1	0.403223	0	0.269784
358	nan	-3882.59	nan	-3882.59	0.585173	2.94737	0.16323	nan	0.1	0.5	1	0.585173	0	0.352817
359	-3860.38	-3894.45	34.0633	-3894.45	0.403223	2.15802	0.209798	34.1766	0.1	0.5	1	0.403223	0	0.269784
360	-3923.07	-3932.72	9.65837	-3932.72	0.216672	1.27094	0.285721	9.39857	0.1	0.5	1	0.216672	0	0.179989
361	-3923.07	-3932.72	9.65837	-3932.72	0.216672	1.27094	0.285721	9.39857	0.1	0.5	1	0.216672	0	0.179989
362	nan	-3875.79	nan	-3875.79	0.679977	3.07594	0.176917	nan	0.1	0.5	1	0.679977	0	0.351387
363	nan	-3882.59	nan	-3882.59	0.585173	2.94737	0.16323	nan	0.1	0.5	1	0.585173	0	0.352817
364	nan	-3906.03	nan	-3906.03	0.898455	4.8588	0.0810449	nan	0.1	0.5	1	0.898455	0	0.640495
365	nan	-3875.79	nan	-3875.79	0.679977	3.07594	0.176917	nan	0.1	0.5	1	0.679977	0	0.351387
366	nan	-3876.9	nan	-3876.9	0.657148	2.91371	0.183718	nan	0.1	0.5	1	0.657148	0	0.311816
367	-3863.44	-3896.55	33.1083	-3896.55	0.403223	2.22977	0.209798	33.2216	0.1	0.5	1	0.403223	0	0.280876
368	nan	-3881.05	nan	-3881.05	0.995581	4.96144	0.119267	nan	0.1	0.5	1	0.995581	0	0.625531
369	nan	-3876.23	nan	-3876.23	0.995581	4.73272	0.119267	nan	0.1	0.5	1	0.995581	0	0.538349
370	-3860.38	-3894.45	34.0633	-3894.45	0.403223	2.15802	0.209798	34.1766	0.1	0.5	1	0.403223	0	0.269784
371	-4023.4	-4000.19	-23.2062	-4000.19	1.74303	5.63344	0.157759	-20.4132	0.1	0.5	1	1.74303	0	0.43828
372	nan	-3882.59	nan	-3882.59	0.585173	2.94737	0.16323	nan	0.1	0.5	1	0.585173	0	0.352817
373	nan	-3905.16	nan	-3905.16	0.898455	4.80123	0.0810449	nan	0.1	0.5	1	0.898455	0	0.582332
374	-3917.26	-3892.15	-25.1057	-3892.15	3.31112	13.3532	0.0471189	-19.1766	0.1	0.5	1	3.31112	0	1.29944
375	-3860.38	-3894.45	34.0633	-3894.45	0.403223	2.15802	0.209798	34.1766	0.1	0.5	1	0.403223	0	0.269784
376	nan	-3875.79	nan	-3875.79	0.679977	3.07594	0.176917	nan	0.1	0.5	1	0.679977	0	0.351387
377	nan	-3879.7	nan	-3879.7	0.657148	3.0506	0.183718	nan	0.1	0.5	1	0.657148	0	0.362113
378	nan	-3905.16	nan	-3905.16	0.898455	4.80123	0.0810449	nan	0.1	0.5	1	0.898455	0	0.582332
379	-3917.93	-3893.2	-24.7313	-3893.2	3.31112	13.2611	0.0471189	-18.8022	0.1	0.5	1	3.31112	0	1.23218
380	-4020.71	-3997.42	-23.2955	-3997.42	1.74303	5.74877	0.157759	-20.5026	0.1	0.5	1	1.74303	0	0.461137
381	-4020.71	-3997.42	-23.2955	-3997.42	1.74303	5.74877	0.157759	-20.5026	0.1	0.5	1	1.74303	0	0.461137
382	nan	-3878.34	nan	-3878.34	1.37692	6.55265	0.0817991	nan	0.1	0.5	1	1.37692	0	0.723584
383	-3917.93	-3893.2	-24.7313	-3893.2	3.31112	13.2611	0.0471189	-18.8022	0.1	0.5	1	3.31112	0	1.23218
384	nan	-3882.59	nan	-3882.59	0.585173	2.94737	0.16323	nan	0.1	0.5	1	0.585173	0	0.352817
385	nan	-3876.9	nan	-3876.9	0.679977	3.04379	0.176917	nan	0.1	0.5	1	0.679977	0	0.340181
386	nan	-3881	nan	-3881	1.37692	6.50586	0.0817991	nan	0.1	0.5	1	1.37692	0	0.744399
387	-3860.38	-3894.45	34.0633	-3894.45	0.403223	2.15802	0.209798	34.1766	0.1	0.5	1	0.403223	0	0.269784
388	nan	-3894.44	nan	-3894.44	3.31112	13.3491	0.0471189	nan	0.1	0.5	1	3.31112	0	1.28637
389	nan	-3879.7	nan	-3879.7	0.657148	3.0506	0.183718	nan	0.1	0.5	1	0.657148	0	0.362113
390	-3923.07	-3932.72	9.65837	-3932.72	0.216672	1.27094	0.285721	9.39857	0.1	0.5	1	0.216672	0	0.179989
391	nan	-3875.96	nan	-3875.96	0.679977	3.16174	0.176917	nan	0.1	0.5	1	0.679977	0	0.377666
392	nan	-3875.49	nan	-3875.49	0.995581	4.67274	0.119267	nan	0.1	0.5	1	0.995581	0	0.529435
393	nan	-3905.16	nan	-3905.16	0.898455	4.80123	0.0810449	nan	0.1	0.5	1	0.898455	0	0.582332
394	nan	-3876.23	nan	-3876.23	0.995581	4.73272	0.119267	nan	0.1	0.5	1	0.995581	0	0.538349
395	-4020.79	-3997.32	-23.4733	-3997.32	1.74303	5.70014	0.157759	-20.6804	0.1	0.5	1	1.74303	0	0.452322
396	nan	-3879.7	nan	-3879.7	0.657148	3.0506	0.183718	nan	0.1	0.5	1	0.657148	0	0.362113
397	nan	-3880.55	nan	-3880.55	1.37692	6.52071	0.0817991	nan	0.1	0.5	1	1.37692	0	0.711525
398	-3860.38	-3894.45	34.0633	-3894.45	0.403223	2.15802	0.209798	34.1766	0.1	0.5	1	0.403223	0	0.269784
399	nan	-3879.13	nan	-3879.13	1.37692	6.39403	0.0817991	nan	0.1	0.5	1	1.37692	0	0.657607
400	nan	-3879.7	nan	-3879.7	0.657148	3.0506	0.183718	nan	0.1	0.5	1	0.657148	0	0.362113
401	nan	-3905.16	nan	-3905.16	0.898455	4.80123	0.0810449	nan	0.1	0.5	1	0.898455	0	0.582332
402	nan	-3904.13	nan	-3904.13	0.898455	4.96425	0.0810449	nan	0.1	0.5	1	0.898455	0	0.674981
403	-3927.19	-3936.22	9.02362	-3936.22	0.216672	1.29545	0.285721	8.76382	0.1	0.5	1	0.216672	0	0.185755
404	nan	-3894.44	nan	-3894.44	3.31112	13.3491	0.0471189	nan	0.1	0.5	1	3.31112	0	1.28637
405	nan	-3878.78	nan	-3878.78	1.37692	6.77357	0.0817991	nan	0.1	0.5	1	1.37692	0	0.786719
406	nan	-3905.16	nan	-3905.16	0.898455	4.80123	0.0810449	nan	0.1	0.5	1	0.898455	0	0.582332
407	-3927.19	-3936.22	9.02362	-3936.22	0.216672	1.29545	0.285721	8.76382	0.1	0.5	1	0.216672	0	0.185755
408	-4020.71	-3997.42	-23.2955	-3997.42	1.74303	5.74877	0.157759	-20.5026	0.1	0.5	1	1.74303	0	0.461137
409	-3923.07	-3932.72	9.65837	-3932.72	0.216672	1.27094	0.285721	9.39857	0.1	0.5	1	0.216672	0	0.179989
410	nan	-3883.48	nan	-3883.48	0.585173	2.89217	0.16323	nan	0.1	0.5	1	0.585173	0	0.334816
411	-3861.06	-3894.8	33.7357	-3894.8	0.403223	2.18719	0.209798	33.849	0.1	0.5	1	0.403223	0	0.276133
412	nan	-3875.79	nan	-3875.79	0.679977	3.07594	0.176917	nan	0.1	0.5	1	0.679977	0	0.351387
413	nan	-3875.58	nan	-3875.58	0.995581	4.53373	0.119267	nan	0.1	0.5	1	0.995581	0	0.492508
414	nan	-3876.23	nan	-3876.23	0.995581	4.73272	0.119267	nan	0.1	0.5	1	0.995581	0	0.538349
415	nan	-3879.7	nan	-3879.7	0.657148	3.0506	0.183718	nan	0.1	0.5	1	0.657148	0	0.362113
416	nan	-3880.45	nan	-3880.45	0.995581	4.3986	0.119267	nan	0.1	0.5	1	0.995581	0	0.439327
417	-3923.07	-3932.72	9.65837	-3932.72	0.216672	1.27094	0.285721	9.39857	0.1	0.5	1	0.216672	0	0.179989
418	-3917.93	-3893.2	-24.7313	-3893.2	3.31112	13.2611	0.0471189	-18.8022	0.1	0.5	1	3.31112	0	1.23218
419	-4020.71	-3997.42	-23.2955	-3997.42	1.74303	5.74877	0.157759	-20.5026	0.1	0.5	1	1.74303	0	0.461137
420	nan	-3878.39	nan	-3878.39	1.37692	6.85178	0.0817991	nan	0.1	0.5	1	1.37692	0	0.845861
421	-3917.93	-3893.2	-24.7313	-3893.2	3.31112	13.2611	0.0471189	-18.8022	0.1	0.5	1	3.31112	0	1.23218
422	nan	-3882.59	nan	-3882.59	0.585173	2.94737	0.16323	nan	0.1	0.5	1	0.585173	0	0.352817
423	nan	-3880.55	nan	-3880.55	1.37692	6.52071	0.0817991	nan	0.1	0.5	1	1.37692	0	0.711525
424	nan	-3879.89	nan	-3879.89	0.657148	3.0078	0.183718	nan	0.1	0.5	1	0.657148	0	0.365661
425	-3861.06	-3894.8	33.7357	-3894.8	0.403223	2.18719	0.209798	33.849	0.1	0.5	1	0.403223	0	0.276133
426	-3928.98	-3937.87	8.88857	-3937.87	0.216672	1.29943	0.285721	8.62877	0.1	0.5	1	0.216672	0	0.186994
427	nan	-3875.58	nan	-3875.58	0.995581	4.53373	0.119267	nan	0.1	0.5	1	0.995581	0	0.492508
428	nan	-3875.79	nan	-3875.79	0.679977	3.07594	0.176917	nan	0.1	0.5	1	0.679977	0	0.351387
429	-4020.71	-3997.42	-23.2955	-3997.42	1.74303	5.74877	0.157759	-20.5026	0.1	0.5	1	1.74303	0	0.461137
430	-4024.47	-4001.06	-23.4098	-4001.06	1.74303	5.76044	0.157759	-20.6169	0.1	0.5	1	1.74303	0	0.416366
431	-3923.07	-3932.72	9.65837	-3932.72	0.216672	1.27094	0.285721	9.39857	0.1	0.5	1	0.216672	0	0.179989
432	nan	-3880.58	nan	-3880.58	0.679977	3.21361	0.176917	nan	0.1	0.5	1	0.679977	0	0.393038
433	nan	-3878.78	nan	-3878.78	1.37692	6.77357	0.0817991	nan	0.1	0.5	1	1.37692	0	0.786719
434	nan	-3905.16	nan	-3905.16	0.898455	4.80123	0.0810449	nan	0.1	0.5	1	0.898455	0	0.582332
435	nan	-3883.48	nan	-3883.48	0.585173	2.89217	0.16323	nan	0.1	0.5	1	0.585173	0	0.334816
436	nan	-3879.7	nan	-3879.7	0.657148	3.0506	0.183718	nan	0.1	0.5	1	0.657148	0	0.362113
437	-3923.07	-3932.72	9.65837	-3932.72	0.216672	1.27094	0.285721	9.39857	0.1	0.5	1	0.216672	0	0.179989
438	-3923.07	-3932.72	9.65837	-3932.72	0.216672	1.27094	0.285721	9.39857	0.1	0.5	1	0.216672	0	0.179989
439	nan	-3879.7	nan	-3879.7	0.657148	3.0506	0.183718	nan	0.1	0.5	1	0.657148	0	0.362113
440	-3917.42	-3892.77	-24.6477	-3892.77	3.31112	13.548	0.0471189	-18.7186	0.1	0.5	1	3.31112	0	1.44344
441	-3919.87	-3894.66	-25.2187	-3894.66	3.31112	13.8036	0.0471189	-19.2896	0.1	0.5	1	3.31112	0	1.52344
442	-4021.07	-3997.83	-23.2391	-3997.83	1.74303	5.67224	0.157759	-20.4461	0.1	0.5	1	1.74303	0	0.452322
443	nan	-3875.79	nan	-3875.79	0.679977	3.07594	0.176917	nan	0.1	0.5	1	0.679977	0	0.351387
444	-3923.07	-3932.72	9.65837	-3932.72	0.216672	1.27094	0.285721	9.39857	0.1	0.5	1	0.216672	0	0.179989
445	-4020.96	-3997.12	-23.8404	-3997.12	1.74303	5.72933	0.157759	-21.0475	0.1	0.5	1	1.74303	0	0.452322
446	nan	-3876.9	nan	-3876.9	0.657148	3.07194	0.183718	nan	0.1	0.5	1	0.657148	0	0.361595
447	nan	-3904.13	nan	-3904.13	0.898455	4.96425	0.0810449	nan	0.1	0.5	1	0.898455	0	0.674981
448	-4020.96	-3997.12	-23.8404	-3997.12	1.74303	5.72933	0.157759	-21.0475	0.1	0.5	1	1.74303	0	0.452322
449	nan	-3883.48	nan	-3883.48	0.585173	2.89217	0.16323	nan	0.1	0.5	1	0.585173	0	0.334816
450	nan	-3878.74	nan	-3878.74	0.657148	3.05125	0.183718	nan	0.1	0.5	1	0.657148	0	0.365661
451	nan	-3879.7	nan	-3879.7	0.657148	3.0506	0.183718	nan	0.1	0.5	1	0.657148	0	0.362113
452	-3923.07	-3932.72	9.65837	-3932.72	0.216672	1.27094	0.285721	9.39857	0.1	0.5	1	0.216672	0	0.179989
453	-4022.79	-3999.31	-23.4721	-3999.31	1.74303	5.64909	0.157759	-20.6792	0.1	0.5	1	1.74303	0	0.379797
454	nan	-3879.29	nan	-3879.29	0.657148	3.11259	0.183718	nan	0.1	0.5	1	0.657148	0	0.367832
455	nan	-3875.79	nan	-3875.79	0.679977	3.07594	0.176917	nan	0.1	0.5	1	0.679977	0	0.351387
456	-3861.06	-3894.8	33.7357	-3894.8	0.403223	2.18719	0.209798	33.849	0.1	0.5	1	0.403223	0	0.276133
457	nan	-3904.13	nan	-3904.13	0.898455	4.96425	0.0810449	nan	0.1	0.5	1	0.898455	0	0.674981
458	nan	-3878.91	nan	-3878.91	0.657148	3.04412	0.183718	nan	0.1	0.5	1	0.657148	0	0.341063
459	-3917.93	-3893.2	-24.7313	-3893.2	3.31112	13.2611	0.0471189	-18.8022	0.1	0.5	1	3.31112	0	1.23218
460	nan	-3879.26	nan	-3879.26	0.657148	2.88977	0.183718	nan	0.1	0.5	1	0.657148	0	0.314636
461	nan	-3879.75	nan	-3879.75	0.657148	3.16256	0.183718	nan	0.1	0.5	1	0.657148	0	0.380219
462	nan	-3882.59	nan	-3882.59	0.585173	2.94737	0.16323	nan	0.1	0.5	1	0.585173	0	0.352817
463	nan	-3878.96	nan	-3878.96	0.657148	3.09412	0.183718	nan	0.1	0.5	1	0.657148	0	0.356249
464	nan	-3904.95	nan	-3904.95	0.898455	4.91821	0.0810449	nan	0.1	0.5	1	0.898455	0	0.644876
465	-3923.07	-3932.72	9.65837	-3932.72	0.216672	1.27094	0.285721	9.39857	0.1	0.5	1	0.216672	0	0.179989
466	nan	-3875.79	nan	-3875.79	0.679977	3.07594	0.176917	nan	0.1	0.5	1	0.679977	0	0.351387
467	nan	-3876.23	nan	-3876.23	0.995581	4.73272	0.119267	nan	0.1	0.5	1	0.995581	0	0.538349
468	nan	-3883.48	nan	-3883.48	0.585173	2.89217	0.16323	nan	0.1	0.5	1	0.585173	0	0.334816
469	nan	-3879.13	nan	-3879.13	1.37692	6.39403	0.0817991	nan	0.1	0.5	1	1.37692	0	0.657607
470	-3860.38	-3894.45	34.0633	-3894.45	0.403223	2.15802	0.209798	34.1766	0.1	0.5	1	0.403223	0	0.269784
471	nan	-3905.16	nan	-3905.16	0.898455	4.80123	0.0810449	nan	0.1	0.5	1	0.898455	0	0.582332
472	nan	-3883.48	nan	-3883.48	0.585173	2.89217	0.16323	nan	0.1	0.5	1	0.585173	0	0.334816
473	nan	-3886.38	nan	-3886.38	0.585173	3.07924	0.16323	nan	0.1	0.5	1	0.585173	0	0.4299
474	nan	-3876.9	nan	-3876.9	0.657148	3.07194	0.183718	nan	0.1	0.5	1	0.657148	0	0.361595
475	-4023.33	-4000.09	-23.2421	-4000.09	1.74303	5.63844	0.157759	-20.4491	0.1	0.5	1	1.74303	0	0.43828
476	nan	-3876.11	nan	-3876.11	0.995581	4.53438	0.119267	nan	0.1	0.5	1	0.995581	0	0.499279
477	-3861.06	-3894.8	33.7357	-3894.8	0.403223	2.18719	0.209798	33.849	0.1	0.5	1	0.403223	0	0.276133
478	-3860.38	-3894.45	34.0633	-3894.45	0.403223	2.15802	0.209798	34.1766	0.1	0.5	1	0.403223	0	0.269784
479	nan	-3875.79	nan	-3875.79	0.679977	3.07594	0.176917	nan	0.1	0.5	1	0.679977	0	0.351387
480	-3927.19	-3936.22	9.02362	-3936.22	0.216672	1.29545	0.285721	8.76382	0.1	0.5	1	0.216672	0	0.185755
481	nan	-3905.16	nan	-3905.16	0.898455	4.80123	0.0810449	nan	0.1	0.5	1	0.898455	0	0.582332
482	-3923.07	-3932.72	9.65837	-3932.72	0.216672	1.27094	0.285721	9.39857	0.1	0.5	1	0.216672	0	0.179989
483	-4020.71	-3997.42	-23.2955	-3997.42	1.74303	5.74877	0.157759	-20.5026	0.1	0.5	1	1.74303	0	0.461137
484	-3925.45	-3935.09	9.64315	-3935.09	0.216672	1.26971	0.285721	9.38334	0.1	0.5	1	0.216672	0	0.175498
485	-3923.07	-3932.72	9.65837	-3932.72	0.216672	1.27094	0.285721	9.39857	0.1	0.5	1	0.216672	0	0.179989
486	nan	-3882.59	nan	-3882.59	0.585173	2.94737	0.16323	nan	0.1	0.5	1	0.585173	0	0.352817
487	-3923.07	-3932.72	9.65837	-3932.72	0.216672	1.27094	0.285721	9.39857	0.1	0.5	1	0.216672	0	0.179989
488	-3861.06	-3894.8	33.7357	-3894.8	0.403223	2.18719	0.209798	33.849	0.1	0.5	1	0.403223	0	0.276133
489	nan	-3875.79	nan	-3875.79	0.679977	3.07594	0.176917	nan	0.1	0.5	1	0.679977	0	0.351387
490	-4020.71	-3997.42	-23.2955	-3997.42	1.74303	5.74877	0.157759	-20.5026	0.1	0.5	1	1.74303	0	0.461137
491	nan	-3880.45	nan	-3880.45	0.995581	4.3986	0.119267	nan	0.1	0.5	1	0.995581	0	0.439327
492	nan	-3905.16	nan	-3905.16	0.898455	4.80123	0.0810449	nan	0.1	0.5	1	0.898455	0	0.582332
493	-3863.44	-3896.55	33.1083	-3896.55	0.403223	2.22977	0.209798	33.2216	0.1	0.5	1	0.403223	0	0.280876
494	nan	-3877.19	nan	-3877.19	0.995581	4.53877	0.119267	nan	0.1	0.5	1	0.995581	0	0.480868
495	nan	-3875.79	nan	-3875.79	0.679977	3.07594	0.176917	nan	0.1	0.5	1	0.679977	0	0.351387
496	-3860.38	-3894.45	34.0633	-3894.45	0.403223	2.15802	0.209798	34.1766	0.1	0.5	1	0.403223	0	0.269784
497	nan	-3886.38	nan	-3886.38	0.585173	3.07924	0.16323	nan	0.1	0.5	1	0.585173	0	0.4299
498	nan	-3877.37	nan	-3877.37	0.679977	3.037	0.176917	nan	0.1	0.5	1	0.679977	0	0.351401
499	-3923.07	-3932.72	9.65837	-3932.72	0.216672	1.27094	0.285721	9.39857	0.1	0.5	1	0.216672	0	0.179989
500	nan	-3883.48	nan	-3883.48	0.585173	2.89217	0.16323	nan	0.1	0.5	1	0.585173	0	0.334816
501	nan	-3905.16	nan	-3905.16	0.898455	4.80123	0.0810449	nan	0.1	0.5	1	0.898455	0	0.582332
502	nan	-3880.55	nan	-3880.55	1.37692	6.52071	0.0817991	nan	0.1	0.5	1	1.37692	0	0.711525
503	nan	-3904.13	nan	-3904.13	0.898455	4.96425	0.0810449	nan	0.1	0.5	1	0.898455	0	0.674981
504	nan	-3882.59	nan	-3882.59	0.585173	2.94737	0.16323	nan	0.1	0.5	1	0.585173	0	0.352817
505	nan	-3876.9	nan	-3876.9	0.657148	2.91371	0.183718	nan	0.1	0.5	1	0.657148	0	0.311816
506	-4023.4	-4000.19	-23.2062	-4000.19	1.74303	5.63344	0.157759	-20.4132	0.1	0.5	1	1.74303	0	0.43828
507	-3860.38	-3894.45	34.0633	-3894.45	0.403223	2.15802	0.209798	34.1766	0.1	0.5	1	0.403223	0	0.269784
508	nan	-3875.79	nan	-3875.79	0.679977	3.07594	0.176917	nan	0.1	0.5	1	0.679977	0	0.351387
509	-3861.06	-3894.8	33.7357	-3894.8	0.403223	2.18719	0.209798	33.849	0.1	0.5	1	0.403223	0	0.276133
510	nan	-3875.79	nan	-3875.79	0.679977	3.07594	0.176917	nan	0.1	0.5	1	0.679977	0	0.351387
511	-4021.07	-3997.83	-23.2391	-3997.83	1.74303	5.67224	0.157759	-20.4461	0.1	0.5	1	1.74303	0	0.452322
512	nan	-3883.48	nan	-3883.48	0.585173	2.89217	0.16323	nan	0.1	0.5	1	0.585173	0	0.334816
513	nan	-3879.11	nan	-3879.11	0.657148	3.16651	0.183718	nan	0.1	0.5	1	0.657148	0	0.395803
514	nan	-3880.55	nan	-3880.55	1.37692	6.52071	0.0817991	nan	0.1	0.5	1	1.37692	0	0.711525
515	nan	-3905.16	nan	-3905.16	0.898455	4.80123	0.0810449	nan	0.1	0.5	1	0.898455	0	0.582332
516	nan	-3883.48	nan	-3883.48	0.585173	2.89217	0.16323	nan	0.1	0.5	1	0.585173	0	0.334816
517	nan	-3876.23	nan	-3876.23	0.995581	4.73272	0.119267	nan	0.1	0.5	1	0.995581	0	0.538349
518	-4020.96	-3997.12	-23.8404	-3997.12	1.74303	5.72933	0.157759	-21.0475	0.1	0.5	1	1.74303	0	0.452322
519	-3860.38	-3894.45	34.0633	-3894.45	0.403223	2.15802	0.209798	34.1766	0.1	0.5	1	0.403223	0	0.269784
520	nan	-3875.79	nan	-3875.79	0.679977	3.07594	0.176917	nan	0.1	0.5	1	0.679977	0	0.351387
521	nan	-3906.03	nan	-3906.03	0.898455	4.8588	0.0810449	nan	0.1	0.5	1	0.898455	0	0.640495
522	nan	-3879.7	nan	-3879.7	0.657148	3.0506	0.183718	nan	0.1	0.5	1	0.657148	0	0.362113
523	-3921.55	-3897.14	-24.4084	-3897.14	3.31112	13.6322	0.0471189	-18.4793	0.1	0.5	1	3.31112	0	1.44254
524	-3917.26	-3892.15	-25.1057	-3892.15	3.31112	13.3532	0.0471189	-19.1766	0.1	0.5	1	3.31112	0	1.29944
525	nan	-3876.23	nan	-3876.23	0.995581	4.73272	0.119267	nan	0.1	0.5	1	0.995581	0	0.538349
526	nan	-3880.17	nan	-3880.17	1.37692	6.42575	0.0817991	nan	0.1	0.5	1	1.37692	0	0.705712
527	nan	-3880.55	nan	-3880.55	1.37692	6.52071	0.0817991	nan	0.1	0.5	1	1.37692	0	0.711525
528	-3861.06	-3894.8	33.7357	-3894.8	0.403223	2.18719	0.209798	33.849	0.1	0.5	1	0.403223	0	0.276133
529	nan	-3877.12	nan	-3877.12	0.657148	3.03743	0.183718	nan	0.1	0.5	1	0.657148	0	0.323449
530	nan	-3883.48	nan	-3883.48	0.585173	2.89217	0.16323	nan	0.1	0.5	1	0.585173	0	0.334816
531	-3863.44	-3896.55	33.1083	-3896.55	0.403223	2.22977	0.209798	33.2216	0.1	0.5	1	0.403223	0	0.280876
532	nan	-3875.79	nan	-3875.79	0.679977	3.07594	0.176917	nan	0.1	0.5	1	0.679977	0	0.351387
533	nan	-3876.23	nan	-3876.23	0.995581	4.73272	0.119267	nan	0.1	0.5	1	0.995581	0	0.538349
534	nan	-3904.13	nan	-3904.13	0.898455	4.96425	0.0810449	nan	0.1	0.5	1	0.898455	0	0.674981
535	nan	-3876.23	nan	-3876.23	0.995581	4.73272	0.119267	nan	0.1	0.5	1	0.995581	0	0.538349
536	nan	-3879.11	nan	-3879.11	0.657148	3.16651	0.183718	nan	0.1	0.5	1	0.657148	0	0.395803
537	-3861.06	-3894.8	33.7357	-3894.8	0.403223	2.18719	0.209798	33.849	0.1	0.5	1	0.403223	0	0.276133
538	-3861.06	-3894.8	33.7357	-3894.8	0.403223	2.18719	0.209798	33.849	0.1	0.5	1	0.403223	0	0.276133
539	nan	-3880.21	nan	-3880.21	0.657148	3.08959	0.183718	nan	0.1	0.5	1	0.657148	0	0.340314
540	nan	-3905.16	nan	-3905.16	0.898455	4.80123	0.0810449	nan	0.1	0.5	1	0.898455	0	0.582332
541	nan	-3877.34	nan	-3877.34	0.679977	3.18588	0.176917	nan	0.1	0.5	1	0.679977	0	0.360815
542	-4020.96	-3997.12	-23.8404	-3997.12	1.74303	5.72933	0.157759	-21.0475	0.1	0.5	1	1.74303	0	0.452322
543	-4020.79	-3997.32	-23.4733	-3997.32	1.74303	5.70014	0.157759	-20.6804	0.1	0.5	1	1.74303	0	0.452322
544	nan	-3880.55	nan	-3880.55	1.37692	6.52071	0.0817991	nan	0.1	0.5	1	1.37692	0	0.711525
545	-3923.07	-3932.72	9.65837	-3932.72	0.216672	1.27094	0.285721	9.39857	0.1	0.5	1	0.216672	0	0.179989
546	-3860.38	-3894.45	34.0633	-3894.45	0.403223	2.15802	0.209798	34.1766	0.1	0.5	1	0.403223	0	0.269784
547	nan	-3875.79	nan	-3875.79	0.679977	3.07594	0.176917	nan	0.1	0.5	1	0.679977	0	0.351387
548	nan	-3879.03	nan	-3879.03	0.657148	3.05537	0.183718	nan	0.1	0.5	1	0.657148	0	0.343086
549	-3917.42	-3892.77	-24.6477	-3892.77	3.31112	13.548	0.0471189	-18.7186	0.1	0.5	1	3.31112	0	1.44344
550	-3921.49	-3897.16	-24.3276	-3897.16	3.31112	13.1702	0.0471189	-18.3985	0.1	0.5	1	3.31112	0	1.2121
551	nan	-3906.93	nan	-3906.93	0.898455	4.85763	0.0810449	nan	0.1	0.5	1	0.898455	0	0.654969
552	-3923.07	-3932.72	9.65837	-3932.72	0.216672	1.27094	0.285721	9.39857	0.1	0.5	1	0.216672	0	0.179989
553	nan	-3880.55	nan	-3880.55	1.37692	6.52071	0.0817991	nan	0.1	0.5	1	1.37692	0	0.711525
554	-3923.07	-3932.72	9.65837	-3932.72	0.216672	1.27094	0.285721	9.39857	0.1	0.5	1	0.216672	0	0.179989
555	nan	-3875.79	nan	-3875.79	0.679977	3.07594	0.176917	nan	0.1	0.5	1	0.679977	0	0.351387
556	-3860.38	-3894.45	34.0633	-3894.45	0.403223	2.15802	0.209798	34.1766	0.1	0.5	1	0.403223	0	0.269784
557	nan	-3883.48	nan	-3883.48	0.585173	2.89217	0.16323	nan	0.1	0.5	1	0.585173	0	0.334816
558	nan	-3880.55	nan	-3880.55	1.37692	6.52071	0.0817991	nan	0.1	0.5	1	1.37692	0	0.711525
559	nan	-3880.55	nan	-3880.55	1.37692	6.52071	0.0817991	nan	0.1	0.5	1	1.37692	0	0.711525
560	nan	-3879.11	nan	-3879.11	0.657148	3.16651	0.183718	nan	0.1	0.5	1	0.657148	0	0.395803
561	-3923.07	-3932.72	9.65837	-3932.72	0.216672	1.27094	0.285721	9.39857	0.1	0.5	1	0.216672	0	0.179989
562	-3919.1	-3894.11	-24.9905	-3894.11	3.31112	13.4223	0.0471189	-19.0614	0.1	0.5	1	3.31112	0	1.3342
563	-3861.06	-3894.8	33.7357	-3894.8	0.403223	2.18719	0.209798	33.849	0.1	0.5	1	0.403223	0	0.276133
564	nan	-3905.16	nan	-3905.16	0.898455	4.80123	0.0810449	nan	0.1	0.5	1	0.898455	0	0.582332
565	nan	-3876.86	nan	-3876.86	0.679977	3.01801	0.176917	nan	0.1	0.5	1	0.679977	0	0.339074
566	nan	-3905.16	nan	-3905.16	0.898455	4.80123	0.0810449	nan	0.1	0.5	1	0.898455	0	0.582332
567	-3860.38	-3894.45	34.0633	-3894.45	0.403223	2.15802	0.209798	34.1766	0.1	0.5	1	0.403223	0	0.269784
568	-3923.07	-3932.72	9.65837	-3932.72	0.216672	1.27094	0.285721	9.39857	0.1	0.5	1	0.216672	0	0.179989
569	nan	-3882	nan	-3882	0.657148	3.01028	0.183718	nan	0.1	0.5	1	0.657148	0	0.362113
570	nan	-3875.79	nan	-3875.79	0.679977	3.07594	0.176917	nan	0.1	0.5	1	0.679977	0	0.351387
571	nan	-3876.23	nan	-3876.23	0.995581	4.73272	0.119267	nan	0.1	0.5	1	0.995581	0	0.538349
572	-3923.07	-3932.72	9.65837	-3932.72	0.216672	1.27094	0.285721	9.39857	0.1	0.5	1	0.216672	0	0.179989
573	-4020.96	-3997.12	-23.8404	-3997.12	1.74303	5.72933	0.157759	-21.0475	0.1	0.5	1	1.74303	0	0.452322
574	-3861.06	-3894.8	33.7357	-3894.8	0.403223	2.18719	0.209798	33.849	0.1	0.5	1	0.403223	0	0.276133
575	-3921.55	-3897.14	-24.4084	-3897.14	3.31112	13.6322	0.0471189	-18.4793	0.1	0.5	1	3.31112	0	1.44254
576	-3860.38	-3894.45	34.0633	-3894.45	0.403223	2.15802	0.209798	34.1766	0.1	0.5	1	0.403223	0	0.269784
577	-3861.06	-3894.8	33.7357	-3894.8	0.403223	2.18719	0.209798	33.849	0.1	0.5	1	0.403223	0	0.276133
578	nan	-3905.16	nan	-3905.16	0.898455	4.80123	0.0810449	nan	0.1	0.5	1	0.898455	0	0.582332
579	nan	-3876.23	nan	-3876.23	0.995581	4.73272	0.119267	nan	0.1	0.5	1	0.995581	0	0.538349
580	nan	-3883.48	nan	-3883.48	0.585173	2.89217	0.16323	nan	0.1	0.5	1	0.585173	0	0.334816
581	nan	-3880.45	nan	-3880.45	0.995581	4.3986	0.119267	nan	0.1	0.5	1	0.995581	0	0.439327
582	-3860.38	-3894.45	34.0633	-3894.45	0.403223	2.15802	0.209798	34.1766	0.1	0.5	1	0.403223	0	0.269784
583	nan	-3883.48	nan	-3883.48	0.585173	2.89217	0.16323	nan	0.1	0.5	1	0.585173	0	0.334816
584	nan	-3905.16	nan	-3905.16	0.898455	4.80123	0.0810449	nan	0.1	0.5	1	0.898455	0	0.582332
585	nan	-3880.55	nan	-3880.55	1.37692	6.52071	0.0817991	nan	0.1	0.5	1	1.37692	0	0.711525
586	nan	-3879.39	nan	-3879.39	0.657148	3.10074	0.183718	nan	0.1	0.5	1	0.657148	0	0.368176
587	nan	-3880.45	nan	-3880.45	0.995581	4.3986	0.119267	nan	0.1	0.5	1	0.995581	0	0.439327
588	nan	-3875.79	nan	-3875.79	0.679977	3.07594	0.176917	nan	0.1	0.5	1	0.679977	0	0.351387
589	nan	-3906.04	nan	-3906.04	0.898455	4.89999	0.0810449	nan	0.1	0.5	1	0.898455	0	0.644876
590	nan	-3894.44	nan	-3894.44	3.31112	13.3491	0.0471189	nan	0.1	0.5	1	3.31112	0	1.28637
591	-3860.38	-3894.45	34.0633	-3894.45	0.403223	2.15802	0.209798	34.1766	0.1	0.5	1	0.403223	0	0.269784
592	nan	-3875.58	nan	-3875.58	0.995581	4.53373	0.119267	nan	0.1	0.5	1	0.995581	0	0.492508
593	nan	-3905.16	nan	-3905.16	0.898455	4.80123	0.0810449	nan	0.1	0.5	1	0.898455	0	0.582332
594	-3917.38	-3892.81	-24.5632	-3892.81	3.31112	13.4216	0.0471189	-18.6341	0.1	0.5	1	3.31112	0	1.31808
595	-3923.07	-3932.72	9.65837	-3932.72	0.216672	1.27094	0.285721	9.39857	0.1	0.5	1	0.216672	0	0.179989
596	-3923.07	-3932.72	9.65837	-3932.72	0.216672	1.27094	0.285721	9.39857	0.1	0.5	1	0.216672	0	0.179989
597	nan	-3882	nan	-3882	0.657148	3.01028	0.183718	nan	0.1	0.5	1	0.657148	0	0.362113
598	-4020.71	-3997.42	-23.2955	-3997.42	1.74303	5.74877	0.157759	-20.5026	0.1	0.5	1	1.74303	0	0.461137
599	nan	-3879.7	nan	-3879.7	0.657148	3.0506	0.183718	nan	0.1	0.5	1	0.657148	0	0.362113
600	-3920.28	-3896.1	-24.1848	-3896.1	3.31112	13.2532	0.0471189	-18.2558	0.1	0.5	1	3.31112	0	1.45526
601	nan	-3876.11	nan	-3876.11	0.995581	4.53438	0.119267	nan	0.1	0.5	1	0.995581	0	0.499279
602	nan	-3878.21	nan	-3878.21	0.995581	4.764	0.119267	nan	0.1	0.5	1	0.995581	0	0.573611
603	nan	-3905.16	nan	-3905.16	0.898455	4.80123	0.0810449	nan	0.1	0.5	1	0.898455	0	0.582332
604	nan	-3882.59	nan	-3882.59	0.585173	2.94737	0.16323	nan	0.1	0.5	1	0.585173	0	0.352817
605	nan	-3876.84	nan	-3876.84	1.37692	6.66895	0.0817991	nan	0.1	0.5	1	1.37692	0	0.827005
606	nan	-3875.79	nan	-3875.79	0.679977	3.07594	0.176917	nan	0.1	0.5	1	0.679977	0	0.351387
607	nan	-3905.16	nan	-3905.16	0.898455	4.80123	0.0810449	nan	0.1	0.5	1	0.898455	0	0.582332
608	nan	-3875.79	nan	-3875.79	0.679977	3.07594	0.176917	nan	0.1	0.5	1	0.679977	0	0.351387
609	-3918.8	-3894.18	-24.6156	-3894.18	3.31112	13.7761	0.0471189	-18.6865	0.1	0.5	1	3.31112	0	1.45203
610	-3917.93	-3893.2	-24.7313	-3893.2	3.31112	13.2611	0.0471189	-18.8022	0.1	0.5	1	3.31112	0	1.23218
611	nan	-3878.39	nan	-3878.39	1.37692	6.85178	0.0817991	nan	0.1	0.5	1	1.37692	0	0.845861
612	nan	-3883.48	nan	-3883.48	0.585173	2.89217	0.16323	nan	0.1	0.5	1	0.585173	0	0.334816
613	nan	-3880.55	nan	-3880.55	1.37692	6.52071	0.0817991	nan	0.1	0.5	1	1.37692	0	0.711525
614	-3923.07	-3932.72	9.65837	-3932.72	0.216672	1.27094	0.285721	9.39857	0.1	0.5	1	0.216672	0	0.179989
615	nan	-3875.79	nan	-3875.79	0.679977	3.07594	0.176917	nan	0.1	0.5	1	0.679977	0	0.351387
616	-3917.38	-3892.81	-24.5632	-3892.81	3.31112	13.4216	0.0471189	-18.6341	0.1	0.5	1	3.31112	0	1.31808
617	nan	-3883.48	nan	-3883.48	0.585173	2.89217	0.16323	nan	0.1	0.5	1	0.585173	0	0.334816
618	nan	-3883.48	nan	-3883.48	0.585173	2.89217	0.16323	nan	0.1	0.5	1	0.585173	0	0.334816
619	nan	-3876.23	nan	-3876.23	0.995581	4.73272	0.119267	nan	0.1	0.5	1	0.995581	0	0.538349
620	nan	-3875.79	nan	-3875.79	0.679977	3.07594	0.176917	nan	0.1	0.5	1	0.679977	0	0.351387
621	-3927.19	-3936.22	9.02362	-3936.22	0.216672	1.29545	0.285721	8.76382	0.1	0.5	1	0.216672	0	0.185755
622	-4020.96	-3997.12	-23.8404	-3997.12	1.74303	5.72933	0.157759	-21.0475	0.1	0.5	1	1.74303	0	0.452322
623	nan	-3880.45	nan	-3880.45	0.995581	4.3986	0.119267	nan	0.1	0.5	1	0.995581	0	0.439327
624	nan	-3905.16	nan	-3905.16	0.898455	4.80123	0.0810449	nan	0.1	0.5	1	0.898455	0	0.582332
625	nan	-3876.23	nan	-3876.23	0.995581	4.73272	0.119267	nan	0.1	0.5	1	0.995581	0	0.538349
626	-3860.38	-3894.45	34.0633	-3894.45	0.403223	2.15802	0.209798	34.1766	0.1	0.5	1	0.403223	0	0.269784
627	nan	-3876.84	nan	-3876.84	1.37692	6.66895	0.0817991	nan	0.1	0.5	1	1.37692	0	0.827005
628	-3917.42	-3892.77	-24.6477	-3892.77	3.31112	13.548	0.0471189	-18.7186	0.1	0.5	1	3.31112	0	1.44344
629	nan	-3878.39	nan	-3878.39	1.37692	6.85178	0.0817991	nan	0.1	0.5	1	1.37692	0	0.845861
630	nan	-3908.16	nan	-3908.16	0.898455	5.1053	0.0810449	nan	0.1	0.5	1	0.898455	0	0.692889
631	-3861.06	-3894.8	33.7357	-3894.8	0.403223	2.18719	0.209798	33.849	0.1	0.5	1	0.403223	0	0.276133
632	-3923.07	-3932.72	9.65837	-3932.72	0.216672	1.27094	0.285721	9.39857	0.1	0.5	1	0.216672	0	0.179989
633	-4020.79	-3997.32	-23.4733	-3997.32	1.74303	5.70014	0.157759	-20.6804	0.1	0.5	1	1.74303	0	0.452322
634	-4021.07	-3997.83	-23.2391	-3997.83	1.74303	5.67224	0.157759	-20.4461	0.1	0.5	1	1.74303	0	0.452322
635	-3923.07	-3932.72	9.65837	-3932.72	0.216672	1.27094	0.285721	9.39857	0.1	0.5	1	0.216672	0	0.179989
636	nan	-3878.91	nan	-3878.91	0.657148	3.04412	0.183718	nan	0.1	0.5	1	0.657148	0	0.341063
637	-3860.38	-3894.45	34.0633	-3894.45	0.403223	2.15802	0.209798	34.1766	0.1	0.5	1	0.403223	0	0.269784
638	nan	-3875.79	nan	-3875.79	0.679977	3.07594	0.176917	nan	0.1	0.5	1	0.679977	0	0.351387
639	-3860.38	-3894.45	34.0633	-3894.45	0.403223	2.15802	0.209798	34.1766	0.1	0.5	1	0.403223	0	0.269784
640	nan	-3876.11	nan	-3876.11	0.995581	4.53438	0.119267	nan	0.1	0.5	1	0.995581	0	0.499279
641	nan	-3894.44	nan	-3894.44	3.31112	13.3491	0.0471189	nan	0.1	0.5	1	3.31112	0	1.28637
642	-3863.44	-3896.55	33.1083	-3896.55	0.403223	2.22977	0.209798	33.2216	0.1	0.5	1	0.403223	0	0.280876
643	nan	-3879.7	nan	-3879.7	0.657148	3.0506	0.183718	nan	0.1	0.5	1	0.657148	0	0.362113
644	nan	-3875.79	nan	-3875.79	0.679977	3.07594	0.176917	nan	0.1	0.5	1	0.679977	0	0.351387
645	nan	-3879.7	nan	-3879.7	0.657148	3.0506	0.183718	nan	0.1	0.5	1	0.657148	0	0.362113
646	nan	-3875.79	nan	-3875.79	0.679977	3.07594	0.176917	nan	0.1	0.5	1	0.679977	0	0.351387
647	-3923.07	-3932.72	9.65837	-3932.72	0.216672	1.27094	0.285721	9.39857	0.1	0.5	1	0.216672	0	0.179989
648	nan	-3878.34	nan	-3878.34	1.37692	6.55265	0.0817991	nan	0.1	0.5	1	1.37692	0	0.723584
649	nan	-3879.26	nan	-3879.26	0.657148	2.88977	0.183718	nan	0.1	0.5	1	0.657148	0	0.314636
650	-4020.71	-3997.42	-23.2955	-3997.42	1.74303	5.74877	0.157759	-20.5026	0.1	0.5	1	1.74303	0	0.461137
651	nan	-3878.76	nan	-3878.76	0.995581	4.71447	0.119267	nan	0.1	0.5	1	0.995581	0	0.52486
652	nan	-3875.79	nan	-3875.79	0.679977	3.07594	0.176917	nan	0.1	0.5	1	0.679977	0	0.351387
653	nan	-3877.09	nan	-3877.09	0.679977	3.05277	0.176917	nan	0.1	0.5	1	0.679977	0	0.351401
654	-3860.38	-3894.45	34.0633	-3894.45	0.403223	2.15802	0.209798	34.1766	0.1	0.5	1	0.403223	0	0.269784
655	-3923.07	-3932.72	9.65837	-3932.72	0.216672	1.27094	0.285721	9.39857	0.1	0.5	1	0.216672	0	0.179989
656	nan	-3875.79	nan	-3875.79	0.679977	3.07594	0.176917	nan	0.1	0.5	1	0.679977	0	0.351387
657	nan	-3875.49	nan	-3875.49	0.995581	4.67274	0.119267	nan	0.1	0.5	1	0.995581	0	0.529435
658	nan	-3878.13	nan	-3878.13	0.657148	3.02163	0.183718	nan	0.1	0.5	1	0.657148	0	0.361595
659	nan	-3880.45	nan	-3880.45	0.995581	4.3986	0.119267	nan	0.1	0.5	1	0.995581	0	0.439327
660	nan	-3886.38	nan	-3886.38	0.585173	3.07924	0.16323	nan	0.1	0.5	1	0.585173	0	0.4299
661	-3860.38	-3894.45	34.0633	-3894.45	0.403223	2.15802	0.209798	34.1766	0.1	0.5	1	0.403223	0	0.269784
662	-3923.07	-3932.72	9.65837	-3932.72	0.216672	1.27094	0.285721	9.39857	0.1	0.5	1	0.216672	0	0.179989
663	nan	-3883.48	nan	-3883.48	0.585173	2.89217	0.16323	nan	0.1	0.5	1	0.585173	0	0.334816
664	-3923.07	-3932.72	9.65837	-3932.72	0.216672	1.27094	0.285721	9.39857	0.1	0.5	1	0.216672	0	0.179989
665	nan	-3878.74	nan	-3878.74	0.657148	3.05125	0.183718	nan	0.1	0.5	1	0.657148	0	0.365661
666	-4020.79	-3997.32	-23.4733	-3997.32	1.74303	5.70014	0.157759	-20.6804	0.1	0.5	1	1.74303	0	0.452322
667	nan	-3879.13	nan	-3879.13	1.37692	6.8057	0.0817991	nan	0.1	0.5	1	1.37692	0	0.849052
668	-3916.23	-3891.74	-24.4964	-3891.74	3.31112	13.486	0.0471189	-18.5673	0.1	0.5	1	3.31112	0	1.3702
669	nan	-3877.54	nan	-3877.54	0.657148	3.1044	0.183718	nan	0.1	0.5	1	0.657148	0	0.361595
670	-4020.96	-3997.12	-23.8404	-3997.12	1.74303	5.72933	0.157759	-21.0475	0.1	0.5	1	1.74303	0	0.452322
671	-3863.44	-3896.55	33.1083	-3896.55	0.403223	2.22977	0.209798	33.2216	0.1	0.5	1	0.403223	0	0.280876
672	nan	-3883.48	nan	-3883.48	0.585173	2.89217	0.16323	nan	0.1	0.5	1	0.585173	0	0.334816
673	-3930.5	-3940.26	9.76587	-3940.26	0.216672	1.26118	0.285721	9.50607	0.1	0.5	1	0.216672	0	0.188317
674	-3917.42	-3892.77	-24.6477	-3892.77	3.31112	13.548	0.0471189	-18.7186	0.1	0.5	1	3.31112	0	1.44344
675	nan	-3883.48	nan	-3883.48	0.585173	2.89217	0.16323	nan	0.1	0.5	1	0.585173	0	0.334816
676	nan	-3875.79	nan	-3875.79	0.679977	3.07594	0.176917	nan	0.1	0.5	1	0.679977	0	0.351387
677	nan	-3875.96	nan	-3875.96	0.679977	3.16174	0.176917	nan	0.1	0.5	1	0.679977	0	0.377666
678	nan	-3880.55	nan	-3880.55	1.37692	6.52071	0.0817991	nan	0.1	0.5	1	1.37692	0	0.711525
679	-3861.06	-3894.8	33.7357	-3894.8	0.403223	2.18719	0.209798	33.849	0.1	0.5	1	0.403223	0	0.276133
680	nan	-3880.21	nan	-3880.21	0.657148	3.08959	0.183718	nan	0.1	0.5	1	0.657148	0	0.340314
681	-4022.6	-3999.56	-23.0351	-3999.56	1.74303	5.69938	0.157759	-20.2422	0.1	0.5	1	1.74303	0	0.461137
682	-4020.96	-3997.12	-23.8404	-3997.12	1.74303	5.72933	0.157759	-21.0475	0.1	0.5	1	1.74303	0	0.452322
683	-3929.05	-3938.82	9.76368	-3938.82	0.216672	1.26316	0.285721	9.50387	0.1	0.5	1	0.216672	0	0.188317
684	-3923.07	-3932.72	9.65837	-3932.72	0.216672	1.27094	0.285721	9.39857	0.1	0.5	1	0.216672	0	0.179989
685	nan	-3878.71	nan	-3878.71	0.995581	4.30758	0.119267	nan	0.1	0.5	1	0.995581	0	0.464739
686	nan	-3880.55	nan	-3880.55	1.37692	6.52071	0.0817991	nan	0.1	0.5	1	1.37692	0	0.711525
687	-4023.17	-3999.71	-23.4622	-3999.71	1.74303	5.66404	0.157759	-20.6693	0.1	0.5	1	1.74303	0	0.43828
688	nan	-3875.79	nan	-3875.79	0.679977	3.07594	0.176917	nan	0.1	0.5	1	0.679977	0	0.351387
689	nan	-3875.79	nan	-3875.79	0.679977	3.07594	0.176917	nan	0.1	0.5	1	0.679977	0	0.351387
690	nan	-3879.49	nan	-3879.49	0.657148	3.04084	0.183718	nan	0.1	0.5	1	0.657148	0	0.359125
691	-3921.55	-3897.14	-24.4084	-3897.14	3.31112	13.6322	0.0471189	-18.4793	0.1	0.5	1	3.31112	0	1.44254
692	nan	-3876.84	nan	-3876.84	1.37692	6.66895	0.0817991	nan	0.1	0.5	1	1.37692	0	0.827005
693	nan	-3883.48	nan	-3883.48	0.585173	2.89217	0.16323	nan	0.1	0.5	1	0.585173	0	0.334816
694	-3923.07	-3932.72	9.65837	-3932.72	0.216672	1.27094	0.285721	9.39857	0.1	0.5	1	0.216672	0	0.179989
695	-3923.07	-3932.72	9.65837	-3932.72	0.216672	1.27094	0.285721	9.39857	0.1	0.5	1	0.216672	0	0.179989
696	nan	-3875.79	nan	-3875.79	0.679977	3.07594	0.176917	nan	0.1	0.5	1	0.679977	0	0.351387
697	nan	-3907.44	nan	-3907.44	0.898455	4.95237	0.0810449	nan	0.1	0.5	1	0.898455	0	0.664183
698	-3861.06	-3894.8	33.7357	-3894.8	0.403223	2.18719	0.209798	33.849	0.1	0.5	1	0.403223	0	0.276133
699	-3861.06	-3894.8	33.7357	-3894.8	0.403223	2.18719	0.209798	33.849	0.1	0.5	1	0.403223	0	0.276133
700	nan	-3882.59	nan	-3882.59	0.585173	2.94737	0.16323	nan	0.1	0.5	1	0.585173	0	0.352817
701	-3919.1	-3894.11	-24.9905	-3894.11	3.31112	13.4223	0.0471189	-19.0614	0.1	0.5	1	3.31112	0	1.3342
702	nan	-3875.79	nan	-3875.79	0.679977	3.07594	0.176917	nan	0.1	0.5	1	0.679977	0	0.351387
703	-4020.96	-3997.12	-23.8404	-3997.12	1.74303	5.72933	0.157759	-21.0475	0.1	0.5	1	1.74303	0	0.452322
704	nan	-3880.46	nan	-3880.46	0.995581	4.8453	0.119267	nan	0.1	0.5	1	0.995581	0	0.558665
705	-3860.38	-3894.45	34.0633	-3894.45	0.403223	2.15802	0.209798	34.1766	0.1	0.5	1	0.403223	0	0.269784
706	nan	-3883.48	nan	-3883.48	0.585173	2.89217	0.16323	nan	0.1	0.5	1	0.585173	0	0.334816
707	-4020.71	-3997.42	-23.2955	-3997.42	1.74303	5.74877	0.157759	-20.5026	0.1	0.5	1	1.74303	0	0.461137
708	nan	-3875.79	nan	-3875.79	0.679977	3.07594	0.176917	nan	0.1	0.5	1	0.679977	0	0.351387
709	nan	-3880.45	nan	-3880.45	0.995581	4.3986	0.119267	nan	0.1	0.5	1	0.995581	0	0.439327
710	nan	-3878.04	nan	-3878.04	1.37692	6.73125	0.0817991	nan	0.1	0.5	1	1.37692	0	0.750987
711	nan	-3876.23	nan	-3876.23	0.995581	4.73272	0.119267	nan	0.1	0.5	1	0.995581	0	0.538349
712	-3861.06	-3894.8	33.7357	-3894.8	0.403223	2.18719	0.209798	33.849	0.1	0.5	1	0.403223	0	0.276133
713	-3861.06	-3894.8	33.7357	-3894.8	0.403223	2.18719	0.209798	33.849	0.1	0.5	1	0.403223	0	0.276133
714	-3861.06	-3894.8	33.7357	-3894.8	0.403223	2.18719	0.209798	33.849	0.1	0.5	1	0.403223	0	0.276133
715	nan	-3905.16	nan	-3905.16	0.898455	4.80123	0.0810449	nan	0.1	0.5	1	0.898455	0	0.582332
716	-4020.79	-3997.32	-23.4733	-3997.32	1.74303	5.70014	0.157759	-20.6804	0.1	0.5	1	1.74303	0	0.452322
717	nan	-3904.95	nan	-3904.95	0.898455	4.91821	0.0810449	nan	0.1	0.5	1	0.898455	0	0.644876
718	nan	-3876.23	nan	-3876.23	0.995581	4.73272	0.119267	nan	0.1	0.5	1	0.995581	0	0.538349
719	nan	-3905.16	nan	-3905.16	0.898455	4.80123	0.0810449	nan	0.1	0.5	1	0.898455	0	0.582332
720	-3923.07	-3932.72	9.65837	-3932.72	0.216672	1.27094	0.285721	9.39857	0.1	0.5	1	0.216672	0	0.179989
721	nan	-3878.91	nan	-3878.91	0.657148	3.04412	0.183718	nan	0.1	0.5	1	0.657148	0	0.341063
722	nan	-3879.2	nan	-3879.2	1.37692	6.79788	0.0817991	nan	0.1	0.5	1	1.37692	0	0.849052
723	nan	-3883.48	nan	-3883.48	0.585173	2.89217	0.16323	nan	0.1	0.5	1	0.585173	0	0.334816
724	nan	-3883.48	nan	-3883.48	0.585173	2.89217	0.16323	nan	0.1	0.5	1	0.585173	0	0.334816
725	nan	-3876.23	nan	-3876.23	0.995581	4.73272	0.119267	nan	0.1	0.5	1	0.995581	0	0.538349
726	nan	-3879.11	nan	-3879.11	0.657148	3.16651	0.183718	nan	0.1	0.5	1	0.657148	0	0.395803
727	-3861.06	-3894.8	33.7357	-3894.8	0.403223	2.18719	0.209798	33.849	0.1	0.5	1	0.403223	0	0.276133
728	nan	-3876.72	nan	-3876.72	1.37692	6.57477	0.0817991	nan	0.1	0.5	1	1.37692	0	0.758722
729	nan	-3880.55	nan	-3880.55	1.37692	6.52071	0.0817991	nan	0.1	0.5	1	1.37692	0	0.711525
730	nan	-3904.13	nan	-3904.13	0.898455	4.96425	0.0810449	nan	0.1	0.5	1	0.898455	0	0.674981
731	-4023.33	-4000.09	-23.2421	-4000.09	1.74303	5.63844	0.157759	-20.4491	0.1	0.5	1	1.74303	0	0.43828
732	-4020.79	-3997.32	-23.4733	-3997.32	1.74303	5.70014	0.157759	-20.6804	0.1	0.5	1	1.74303	0	0.452322
733	nan	-3883.48	nan	-3883.48	0.585173	2.89217	0.16323	nan	0.1	0.5	1	0.585173	0	0.334816
734	-3860.38	-3894.45	34.0633	-3894.45	0.403223	2.15802	0.209798	34.1766	0.1	0.5	1	0.403223	0	0.269784
735	-4020.71	-3997.42	-23.2955	-3997.42	1.74303	5.74877	0.157759	-20.5026	0.1	0.5	1	1.74303	0	0.461137
736	nan	-3883.48	nan	-3883.48	0.585173	2.89217	0.16323	nan	0.1	0.5	1	0.585173	0	0.334816
737	nan	-3904.95	nan	-3904.95	0.898455	4.91821	0.0810449	nan	0.1	0.5	1	0.898455	0	0.644876
738	-4020.79	-3997.32	-23.4733	-3997.32	1.74303	5.70014	0.157759	-20.6804	0.1	0.5	1	1.74303	0	0.452322
739	nan	-3906.03	nan	-3906.03	0.898455	4.8588	0.0810449	nan	0.1	0.5	1	0.898455	0	0.640495
740	-3923.07	-3932.72	9.65837	-3932.72	0.216672	1.27094	0.285721	9.39857	0.1	0.5	1	0.216672	0	0.179989
741	nan	-3877.23	nan	-3877.23	0.995581	4.6081	0.119267	nan	0.1	0.5	1	0.995581	0	0.499652
742	-3860.38	-3894.45	34.0633	-3894.45	0.403223	2.15802	0.209798	34.1766	0.1	0.5	1	0.403223	0	0.269784
743	nan	-3879.97	nan	-3879.97	0.657148	2.99774	0.183718	nan	0.1	0.5	1	0.657148	0	0.356542
744	-3924.57	-3934.17	9.59549	-3934.17	0.216672	1.27563	0.285721	9.33569	0.1	0.5	1	0.216672	0	0.177955
745	-3919.87	-3894.66	-25.2187	-3894.66	3.31112	13.8036	0.0471189	-19.2896	0.1	0.5	1	3.31112	0	1.52344
746	nan	-3882.59	nan	-3882.59	0.585173	2.94737	0.16323	nan	0.1	0.5	1	0.585173	0	0.352817
747	nan	-3877.12	nan	-3877.12	0.657148	3.03743	0.183718	nan	0.1	0.5	1	0.657148	0	0.323449
748	nan	-3876.9	nan	-3876.9	0.657148	3.07194	0.183718	nan	0.1	0.5	1	0.657148	0	0.361595
749	-3927.19	-3936.22	9.02362	-3936.22	0.216672	1.29545	0.285721	8.76382	0.1	0.5	1	0.216672	0	0.185755
750	nan	-3875.79	nan	-3875.79	0.679977	3.07594	0.176917	nan	0.1	0.5	1	0.679977	0	0.351387
751	-3927.19	-3936.22	9.02362	-3936.22	0.216672	1.29545	0.285721	8.76382	0.1	0.5	1	0.216672	0	0.185755
752	-3860.38	-3894.45	34.0633	-3894.45	0.403223	2.15802	0.209798	34.1766	0.1	0.5	1	0.403223	0	0.269784
753	nan	-3905.25	nan	-3905.25	0.898455	4.93539	0.0810449	nan	0.1	0.5	1	0.898455	0	0.667485
754	nan	-3886.38	nan	-3886.38	0.585173	3.07924	0.16323	nan	0.1	0.5	1	0.585173	0	0.4299
755	nan	-3875.79	nan	-3875.79	0.679977	3.07594	0.176917	nan	0.1	0.5	1	0.679977	0	0.351387
756	-3917.26	-3892.15	-25.1057	-3892.15	3.31112	13.3532	0.0471189	-19.1766	0.1	0.5	1	3.31112	0	1.29944
757	nan	-3875.79	nan	-3875.79	0.679977	3.07594	0.176917	nan	0.1	0.5	1	0.679977	0	0.351387
758	-3861.06	-3894.8	33.7357	-3894.8	0.403223	2.18719	0.209798	33.849	0.1	0.5	1	0.403223	0	0.276133
759	-3921.55	-3897.14	-24.4084	-3897.14	3.31112	13.6322	0.0471189	-18.4793	0.1	0.5	1	3.31112	0	1.44254
760	nan	-3875.79	nan	-3875.79	0.679977	3.07594	0.176917	nan	0.1	0.5	1	0.679977	0	0.351387
761	nan	-3879.15	nan	-3879.15	0.995581	4.45273	0.119267	nan	0.1	0.5	1	0.995581	0	0.45859
762	-4020.71	-3997.42	-23.2955	-3997.42	1.74303	5.74877	0.157759	-20.5026	0.1	0.5	1	1.74303	0	0.461137
763	nan	-3875.79	nan	-3875.79	0.679977	3.07594	0.176917	nan	0.1	0.5	1	0.679977	0	0.351387
764	-3860.38	-3894.45	34.0633	-3894.45	0.403223	2.15802	0.209798	34.1766	0.1	0.5	1	0.403223	0	0.269784
765	nan	-3879.2	nan	-3879.2	1.37692	6.79788	0.0817991	nan	0.1	0.5	1	1.37692	0	0.849052
766	nan	-3904.95	nan	-3904.95	0.898455	4.91821	0.0810449	nan	0.1	0.5	1	0.898455	0	0.644876
767	-4023.33	-4000.09	-23.2421	-4000.09	1.74303	5.63844	0.157759	-20.4491	0.1	0.5	1	1.74303	0	0.43828
768	-3923.07	-3932.72	9.65837	-3932.72	0.216672	1.27094	0.285721	9.39857	0.1	0.5	1	0.216672	0	0.179989
769	-4020.79	-3997.32	-23.4733	-3997.32	1.74303	5.70014	0.157759	-20.6804	0.1	0.5	1	1.74303	0	0.452322
770	nan	-3875.58	nan	-3875.58	0.995581	4.53373	0.119267	nan	0.1	0.5	1	0.995581	0	0.492508
771	nan	-3878.71	nan	-3878.71	0.995581	4.30758	0.119267	nan	0.1	0.5	1	0.995581	0	0.464739
772	-4026.37	-4003.11	-23.2609	-4003.11	1.74303	5.74365	0.157759	-20.4679	0.1	0.5	1	1.74303	0	0.403424
773	nan	-3878.91	nan	-3878.91	0.657148	3.04412	0.183718	nan	0.1	0.5	1	0.657148	0	0.341063
774	nan	-3880.45	nan	-3880.45	0.995581	4.3986	0.119267	nan	0.1	0.5	1	0.995581	0	0.439327
775	-3917.26	-3892.15	-25.1057	-3892.15	3.31112	13.3532	0.0471189	-19.1766	0.1	0.5	1	3.31112	0	1.29944
776	nan	-3882.59	nan	-3882.59	0.585173	2.94737	0.16323	nan	0.1	0.5	1	0.585173	0	0.352817
777	-3863.44	-3896.55	33.1083	-3896.55	0.403223	2.22977	0.209798	33.2216	0.1	0.5	1	0.403223	0	0.280876
778	-3861.06	-3894.8	33.7357	-3894.8	0.403223	2.18719	0.209798	33.849	0.1	0.5	1	0.403223	0	0.276133
779	nan	-3878.13	nan	-3878.13	0.657148	3.02163	0.183718	nan	0.1	0.5	1	0.657148	0	0.361595
780	-3928.66	-3938.42	9.76304	-3938.42	0.216672	1.26373	0.285721	9.50324	0.1	0.5	1	0.216672	0	0.188317
781	nan	-3875.49	nan	-3875.49	0.995581	4.67274	0.119267	nan	0.1	0.5	1	0.995581	0	0.529435
782	nan	-3879.29	nan	-3879.29	0.657148	3.11259	0.183718	nan	0.1	0.5	1	0.657148	0	0.367832
783	nan	-3879.39	nan	-3879.39	0.657148	3.10074	0.183718	nan	0.1	0.5	1	0.657148	0	0.368176
784	nan	-3879.13	nan	-3879.13	1.37692	6.39403	0.0817991	nan	0.1	0.5	1	1.37692	0	0.657607
785	nan	-3876.84	nan	-3876.84	1.37692	6.66895	0.0817991	nan	0.1	0.5	1	1.37692	0	0.827005
786	nan	-3878.98	nan	-3878.98	0.657148	3.10875	0.183718	nan	0.1	0.5	1	0.657148	0	0.356249
787	nan	-3875.79	nan	-3875.79	0.679977	3.07594	0.176917	nan	0.1	0.5	1	0.679977	0	0.351387
788	-4020.96	-3997.12	-23.8404	-3997.12	1.74303	5.72933	0.157759	-21.0475	0.1	0.5	1	1.74303	0	0.452322
789	nan	-3875.79	nan	-3875.79	0.679977	3.07594	0.176917	nan	0.1	0.5	1	0.679977	0	0.351387
790	nan	-3876.33	nan	-3876.33	0.995581	4.75026	0.119267	nan	0.1	0.5	1	0.995581	0	0.542468
791	nan	-3875.79	nan	-3875.79	0.679977	3.07594	0.176917	nan	0.1	0.5	1	0.679977	0	0.351387
792	nan	-3875.79	nan	-3875.79	0.679977	3.07594	0.176917	nan	0.1	0.5	1	0.679977	0	0.351387
793	-3860.38	-3894.45	34.0633	-3894.45	0.403223	2.15802	0.209798	34.1766	0.1	0.5	1	0.403223	0	0.269784
794	nan	-3882.59	nan	-3882.59	0.585173	2.94737	0.16323	nan	0.1	0.5	1	0.585173	0	0.352817
795	nan	-3880.55	nan	-3880.55	1.37692	6.52071	0.0817991	nan	0.1	0.5	1	1.37692	0	0.711525
796	nan	-3877.7	nan	-3877.7	1.37692	6.55395	0.0817991	nan	0.1	0.5	1	1.37692	0	0.703879
797	-3923.07	-3932.72	9.65837	-3932.72	0.216672	1.27094	0.285721	9.39857	0.1	0.5	1	0.216672	0	0.179989
798	nan	-3876.23	nan	-3876.23	0.995581	4.73272	0.119267	nan	0.1	0.5	1	0.995581	0	0.538349
799	nan	-3880.45	nan	-3880.45	0.995581	4.3986	0.119267	nan	0.1	0.5	1	0.995581	0	0.439327
800	nan	-3905.16	nan	-3905.16	0.898455	4.80123	0.0810449	nan	0.1	0.5	1	0.898455	0	0.582332
801	nan	-3905.16	nan	-3905.16	0.898455	4.80123	0.0810449	nan	0.1	0.5	1	0.898455	0	0.582332
802	nan	-3894.44	nan	-3894.44	3.31112	13.3491	0.0471189	nan	0.1	0.5	1	3.31112	0	1.28637
803	-3917.42	-3892.77	-24.6477	-3892.77	3.31112	13.548	0.0471189	-18.7186	0.1	0.5	1	3.31112	0	1.44344
804	nan	-3879.03	nan	-3879.03	0.657148	3.05537	0.183718	nan	0.1	0.5	1	0.657148	0	0.343086
805	nan	-3905.16	nan	-3905.16	0.898455	4.80123	0.0810449	nan	0.1	0.5	1	0.898455	0	0.582332
806	nan	-3879.26	nan	-3879.26	0.657148	2.88977	0.183718	nan	0.1	0.5	1	0.657148	0	0.314636
807	-4020.96	-3997.12	-23.8404	-3997.12	1.74303	5.72933	0.157759	-21.0475	0.1	0.5	1	1.74303	0	0.452322
808	nan	-3879.26	nan	-3879.26	0.657148	2.88977	0.183718	nan	0.1	0.5	1	0.657148	0	0.314636
809	nan	-3878.96	nan	-3878.96	0.657148	3.09412	0.183718	nan	0.1	0.5	1	0.657148	0	0.356249
810	nan	-3905.16	nan	-3905.16	0.898455	4.80123	0.0810449	nan	0.1	0.5	1	0.898455	0	0.582332
811	nan	-3879.39	nan	-3879.39	0.657148	3.10074	0.183718	nan	0.1	0.5	1	0.657148	0	0.368176
812	nan	-3905.16	nan	-3905.16	0.898455	4.80123	0.0810449	nan	0.1	0.5	1	0.898455	0	0.582332
813	-4020.96	-3997.12	-23.8404	-3997.12	1.74303	5.72933	0.157759	-21.0475	0.1	0.5	1	1.74303	0	0.452322
814	-3917.26	-3892.15	-25.1057	-3892.15	3.31112	13.3532	0.0471189	-19.1766	0.1	0.5	1	3.31112	0	1.29944
815	nan	-3882.59	nan	-3882.59	0.585173	2.94737	0.16323	nan	0.1	0.5	1	0.585173	0	0.352817
816	-3923.07	-3932.72	9.65837	-3932.72	0.216672	1.27094	0.285721	9.39857	0.1	0.5	1	0.216672	0	0.179989
817	-3860.38	-3894.45	34.0633	-3894.45	0.403223	2.15802	0.209798	34.1766	0.1	0.5	1	0.403223	0	0.269784
818	nan	-3881.32	nan	-3881.32	0.885352	4.70749	0.107464	nan	0.1	0.5	1	0.885352	0	0.620824
819	-4020.96	-3997.12	-23.8404	-3997.12	1.74303	5.72933	0.157759	-21.0475	0.1	0.5	1	1.74303	0	0.452322
820	nan	-3878.91	nan	-3878.91	0.657148	3.04412	0.183718	nan	0.1	0.5	1	0.657148	0	0.341063
821	-3923.07	-3932.72	9.65837	-3932.72	0.216672	1.27094	0.285721	9.39857	0.1	0.5	1	0.216672	0	0.179989
822	nan	-3880.55	nan	-3880.55	1.37692	6.52071	0.0817991	nan	0.1	0.5	1	1.37692	0	0.711525
823	nan	-3880.21	nan	-3880.21	0.657148	3.08959	0.183718	nan	0.1	0.5	1	0.657148	0	0.340314
824	-4020.96	-3997.12	-23.8404	-3997.12	1.74303	5.72933	0.157759	-21.0475	0.1	0.5	1	1.74303	0	0.452322
825	-3916.23	-3891.74	-24.4964	-3891.74	3.31112	13.486	0.0471189	-18.5673	0.1	0.5	1	3.31112	0	1.3702
826	nan	-3879.75	nan	-3879.75	0.657148	3.16256	0.183718	nan	0.1	0.5	1	0.657148	0	0.380219
827	-4020.71	-3997.42	-23.2955	-3997.42	1.74303	5.74877	0.157759	-20.5026	0.1	0.5	1	1.74303	0	0.461137
828	nan	-3905.16	nan	-3905.16	0.898455	4.80123	0.0810449	nan	0.1	0.5	1	0.898455	0	0.582332
829	nan	-3879.7	nan	-3879.7	0.657148	3.0506	0.183718	nan	0.1	0.5	1	0.657148	0	0.362113
830	-3861.06	-3894.8	33.7357	-3894.8	0.403223	2.18719	0.209798	33.849	0.1	0.5	1	0.403223	0	0.276133
831	-4023.19	-3999.64	-23.5437	-3999.64	1.74303	5.67169	0.157759	-20.7508	0.1	0.5	1	1.74303	0	0.43828
832	-3860.38	-3894.45	34.0633	-3894.45	0.403223	2.15802	0.209798	34.1766	0.1	0.5	1	0.403223	0	0.269784
833	-3861.06	-3894.8	33.7357	-3894.8	0.403223	2.18719	0.209798	33.849	0.1	0.5	1	0.403223	0	0.276133
834	-3917.26	-3892.15	-25.1057	-3892.15	3.31112	13.3532	0.0471189	-19.1766	0.1	0.5	1	3.31112	0	1.29944
835	-3861.06	-3894.8	33.7357	-3894.8	0.403223	2.18719	0.209798	33.849	0.1	0.5	1	0.403223	0	0.276133
836	-3917.96	-3892.71	-25.2474	-3892.71	3.31112	13.3795	0.0471189	-19.3183	0.1	0.5	1	3.31112	0	1.28628
837	-4020.79	-3997.32	-23.4733	-3997.32	1.74303	5.70014	0.157759	-20.6804	0.1	0.5	1	1.74303	0	0.452322
838	nan	-3886.38	nan	-3886.38	0.585173	3.07924	0.16323	nan	0.1	0.5	1	0.585173	0	0.4299
839	nan	-3880.55	nan	-3880.55	1.37692	6.52071	0.0817991	nan	0.1	0.5	1	1.37692	0	0.711525
840	nan	-3875.79	nan	-3875.79	0.679977	3.07594	0.176917	nan	0.1	0.5	1	0.679977	0	0.351387
841	nan	-3879.7	nan	-3879.7	0.657148	3.0506	0.183718	nan	0.1	0.5	1	0.657148	0	0.362113
842	-3927.19	-3936.22	9.02362	-3936.22	0.216672	1.29545	0.285721	8.76382	0.1	0.5	1	0.216672	0	0.185755
843	-3860.38	-3894.45	34.0633	-3894.45	0.403223	2.15802	0.209798	34.1766	0.1	0.5	1	0.403223	0	0.269784
844	-3923.07	-3932.72	9.65837	-3932.72	0.216672	1.27094	0.285721	9.39857	0.1	0.5	1	0.216672	0	0.179989
845	nan	-3875.79	nan	-3875.79	0.679977	3.07594	0.176917	nan	0.1	0.5	1	0.679977	0	0.351387
846	-3917.93	-3893.2	-24.7313	-3893.2	3.31112	13.2611	0.0471189	-18.8022	0.1	0.5	1	3.31112	0	1.23218
847	-4020.96	-3997.12	-23.8404	-3997.12	1.74303	5.72933	0.157759	-21.0475	0.1	0.5	1	1.74303	0	0.452322
848	nan	-3878.98	nan	-3878.98	0.657148	3.10875	0.183718	nan	0.1	0.5	1	0.657148	0	0.356249
849	nan	-3905.16	nan	-3905.16	0.898455	4.80123	0.0810449	nan	0.1	0.5	1	0.898455	0	0.582332
850	-3923.07	-3932.72	9.65837	-3932.72	0.216672	1.27094	0.285721	9.39857	0.1	0.5	1	0.216672	0	0.179989
851	nan	-3876.35	nan	-3876.35	0.657148	2.97895	0.183718	nan	0.1	0.5	1	0.657148	0	0.328341
852	nan	-3883.48	nan	-3883.48	0.585173	2.89217	0.16323	nan	0.1	0.5	1	0.585173	0	0.334816
853	-3923.07	-3932.72	9.65837	-3932.72	0.216672	1.27094	0.285721	9.39857	0.1	0.5	1	0.216672	0	0.179989
854	nan	-3880.55	nan	-3880.55	1.37692	6.52071	0.0817991	nan	0.1	0.5	1	1.37692	0	0.711525
855	-3920.28	-3896.1	-24.1848	-3896.1	3.31112	13.2532	0.0471189	-18.2558	0.1	0.5	1	3.31112	0	1.45526
856	-3923.07	-3932.72	9.65837	-3932.72	0.216672	1.27094	0.285721	9.39857	0.1	0.5	1	0.216672	0	0.179989
857	nan	-3880.55	nan	-3880.55	1.37692	6.52071	0.0817991	nan	0.1	0.5	1	1.37692	0	0.711525
858	-4021.07	-3997.83	-23.2391	-3997.83	1.74303	5.67224	0.157759	-20.4461	0.1	0.5	1	1.74303	0	0.452322
859	-3923.07	-3932.72	9.65837	-3932.72	0.216672	1.27094	0.285721	9.39857	0.1	0.5	1	0.216672	0	0.179989
860	nan	-3886.38	nan	-3886.38	0.585173	3.07924	0.16323	nan	0.1	0.5	1	0.585173	0	0.4299
861	nan	-3875.79	nan	-3875.79	0.679977	3.07594	0.176917	nan	0.1	0.5	1	0.679977	0	0.351387
862	-4020.96	-3997.12	-23.8404	-3997.12	1.74303	5.72933	0.157759	-21.0475	0.1	0.5	1	1.74303	0	0.452322
863	nan	-3894.44	nan	-3894.44	3.31112	13.3491	0.0471189	nan	0.1	0.5	1	3.31112	0	1.28637
864	nan	-3879.48	nan	-3879.48	0.657148	3.00773	0.183718	nan	0.1	0.5	1	0.657148	0	0.356542
865	nan	-3894.44	nan	-3894.44	3.31112	13.3491	0.0471189	nan	0.1	0.5	1	3.31112	0	1.28637
866	nan	-3883.48	nan	-3883.48	0.585173	2.89217	0.16323	nan	0.1	0.5	1	0.585173	0	0.334816
867	-4020.96	-3997.12	-23.8404	-3997.12	1.74303	5.72933	0.157759	-21.0475	0.1	0.5	1	1.74303	0	0.452322
868	-3860.38	-3894.45	34.0633	-3894.45	0.403223	2.15802	0.209798	34.1766	0.1	0.5	1	0.403223	0	0.269784
869	nan	-3878.32	nan	-3878.32	0.995581	4.68467	0.119267	nan	0.1	0.5	1	0.995581	0	0.546201
870	nan	-3876.23	nan	-3876.23	0.995581	4.73272	0.119267	nan	0.1	0.5	1	0.995581	0	0.538349
871	-3860.38	-3894.45	34.0633	-3894.45	0.403223	2.15802	0.209798	34.1766	0.1	0.5	1	0.403223	0	0.269784
872	-4020.71	-3997.42	-23.2955	-3997.42	1.74303	5.74877	0.157759	-20.5026	0.1	0.5	1	1.74303	0	0.461137
873	-3923.07	-3932.72	9.65837	-3932.72	0.216672	1.27094	0.285721	9.39857	0.1	0.5	1	0.216672	0	0.179989
874	-3923.07	-3932.72	9.65837	-3932.72	0.216672	1.27094	0.285721	9.39857	0.1	0.5	1	0.216672	0	0.179989
875	-3923.07	-3932.72	9.65837	-3932.72	0.216672	1.27094	0.285721	9.39857	0.1	0.5	1	0.216672	0	0.179989
876	-3917.26	-3892.15	-25.1057	-3892.15	3.31112	13.3532	0.0471189	-19.1766	0.1	0.5	1	3.31112	0	1.29944
877	-3861.06	-3894.8	33.7357	-3894.8	0.403223	2.18719	0.209798	33.849	0.1	0.5	1	0.403223	0	0.276133
878	-3923.07	-3932.72	9.65837	-3932.72	0.216672	1.27094	0.285721	9.39857	0.1	0.5	1	0.216672	0	0.179989
879	nan	-3876.26	nan	-3876.26	0.679977	3.0796	0.176917	nan	0.1	0.5	1	0.679977	0	0.349997
880	-4020.71	-3997.42	-23.2955	-3997.42	1.74303	5.74877	0.157759	-20.5026	0.1	0.5	1	1.74303	0	0.461137
881	nan	-3890.2	nan	-3890.2	0.585173	2.78483	0.16323	nan	0.1	0.5	1	0.585173	0	0.334816
882	nan	-3878.78	nan	-3878.78	0.657148	3.01835	0.183718	nan	0.1	0.5	1	0.657148	0	0.343086
883	nan	-3883.48	nan	-3883.48	0.585173	2.89217	0.16323	nan	0.1	0.5	1	0.585173	0	0.334816
884	nan	-3875.95	nan	-3875.95	1.37692	6.48295	0.0817991	nan	0.1	0.5	1	1.37692	0	0.737466
885	-3921.55	-3897.14	-24.4084	-3897.14	3.31112	13.6322	0.0471189	-18.4793	0.1	0.5	1	3.31112	0	1.44254
886	nan	-3882.59	nan	-3882.59	0.585173	2.94737	0.16323	nan	0.1	0.5	1	0.585173	0	0.352817
887	-3861.06	-3894.8	33.7357	-3894.8	0.403223	2.18719	0.209798	33.849	0.1	0.5	1	0.403223	0	0.276133
888	nan	-3875.79	nan	-3875.79	0.679977	3.07594	0.176917	nan	0.1	0.5	1	0.679977	0	0.351387
889	-3923.07	-3932.72	9.65837	-3932.72	0.216672	1.27094	0.285721	9.39857	0.1	0.5	1	0.216672	0	0.179989
890	nan	-3879.89	nan	-3879.89	0.657148	3.0078	0.183718	nan	0.1	0.5	1	0.657148	0	0.365661
891	-3923.07	-3932.72	9.65837	-3932.72	0.216672	1.27094	0.285721	9.39857	0.1	0.5	1	0.216672	0	0.179989
892	nan	-3904.13	nan	-3904.13	0.898455	4.96425	0.0810449	nan	0.1	0.5	1	0.898455	0	0.674981
893	-3924.57	-3934.17	9.59549	-3934.17	0.216672	1.27563	0.285721	9.33569	0.1	0.5	1	0.216672	0	0.177955
894	nan	-3876.35	nan	-3876.35	0.657148	2.97895	0.183718	nan	0.1	0.5	1	0.657148	0	0.328341
895	-3919.1	-3894.11	-24.9905	-3894.11	3.31112	13.4223	0.0471189	-19.0614	0.1	0.5	1	3.31112	0	1.3342
896	-3863.44	-3896.55	33.1083	-3896.55	0.403223	2.22977	0.209798	33.2216	0.1	0.5	1	0.403223	0	0.280876
897	nan	-3883.48	nan	-3883.48	0.585173	2.89217	0.16323	nan	0.1	0.5	1	0.585173	0	0.334816
898	-3921.55	-3897.14	-24.4084	-3897.14	3.31112	13.6322	0.0471189	-18.4793	0.1	0.5	1	3.31112	0	1.44254
899	nan	-3878.17	nan	-3878.17	0.995581	4.56362	0.119267	nan	0.1	0.5	1	0.995581	0	0.481572
900	nan	-3875.79	nan	-3875.79	0.679977	3.07594	0.176917	nan	0.1	0.5	1	0.679977	0	0.351387
901	nan	-3880.45	nan	-3880.45	0.995581	4.3986	0.119267	nan	0.1	0.5	1	0.995581	0	0.439327
902	-4021.07	-3997.83	-23.2391	-3997.83	1.74303	5.67224	0.157759	-20.4461	0.1	0.5	1	1.74303	0	0.452322
903	-3923.07	-3932.72	9.65837	-3932.72	0.216672	1.27094	0.285721	9.39857	0.1	0.5	1	0.216672	0	0.179989
904	-3923.07	-3932.72	9.65837	-3932.72	0.216672	1.27094	0.285721	9.39857	0.1	0.5	1	0.216672	0	0.179989
905	nan	-3905.16	nan	-3905.16	0.898455	4.80123	0.0810449	nan	0.1	0.5	1	0.898455	0	0.582332
906	nan	-3879.7	nan	-3879.7	0.657148	3.0506	0.183718	nan	0.1	0.5	1	0.657148	0	0.362113
907	-3917.42	-3892.77	-24.6477	-3892.77	3.31112	13.548	0.0471189	-18.7186	0.1	0.5	1	3.31112	0	1.44344
908	nan	-3879.62	nan	-3879.62	0.657148	3.03719	0.183718	nan	0.1	0.5	1	0.657148	0	0.359125
909	-3923.07	-3932.72	9.65837	-3932.72	0.216672	1.27094	0.285721	9.39857	0.1	0.5	1	0.216672	0	0.179989
910	-4020.96	-3997.12	-23.8404	-3997.12	1.74303	5.72933	0.157759	-21.0475	0.1	0.5	1	1.74303	0	0.452322
911	nan	-3879.29	nan	-3879.29	0.657148	3.00493	0.183718	nan	0.1	0.5	1	0.657148	0	0.361595
912	-3861.06	-3894.8	33.7357	-3894.8	0.403223	2.18719	0.209798	33.849	0.1	0.5	1	0.403223	0	0.276133
913	nan	-3878.96	nan	-3878.96	0.657148	3.09412	0.183718	nan	0.1	0.5	1	0.657148	0	0.356249
914	nan	-3876.9	nan	-3876.9	0.657148	3.07194	0.183718	nan	0.1	0.5	1	0.657148	0	0.361595
915	nan	-3880.45	nan	-3880.45	0.995581	4.3986	0.119267	nan	0.1	0.5	1	0.995581	0	0.439327
916	nan	-3875.79	nan	-3875.79	0.679977	3.07594	0.176917	nan	0.1	0.5	1	0.679977	0	0.351387
917	nan	-3882.59	nan	-3882.59	0.585173	2.94737	0.16323	nan	0.1	0.5	1	0.585173	0	0.352817
918	nan	-3894.44	nan	-3894.44	3.31112	13.3491	0.0471189	nan	0.1	0.5	1	3.31112	0	1.28637
919	nan	-3875.79	nan	-3875.79	0.679977	3.07594	0.176917	nan	0.1	0.5	1	0.679977	0	0.351387
920	nan	-3880.55	nan	-3880.55	1.37692	6.52071	0.0817991	nan	0.1	0.5	1	1.37692	0	0.711525
921	-3860.38	-3894.45	34.0633	-3894.45	0.403223	2.15802	0.209798	34.1766	0.1	0.5	1	0.403223	0	0.269784
922	nan	-3886.38	nan	-3886.38	0.585173	3.07924	0.16323	nan	0.1	0.5	1	0.585173	0	0.4299
923	nan	-3876.23	nan	-3876.23	0.679977	3.13199	0.176917	nan	0.1	0.5	1	0.679977	0	0.35923
924	-3923.07	-3932.72	9.65837	-3932.72	0.216672	1.27094	0.285721	9.39857	0.1	0.5	1	0.216672	0	0.179989
925	nan	-3875.79	nan	-3875.79	0.679977	3.07594	0.176917	nan	0.1	0.5	1	0.679977	0	0.351387
926	nan	-3878.74	nan	-3878.74	0.657148	3.05125	0.183718	nan	0.1	0.5	1	0.657148	0	0.365661
927	-3923.07	-3932.72	9.65837	-3932.72	0.216672	1.27094	0.285721	9.39857	0.1	0.5	1	0.216672	0	0.179989
928	-3923.07	-3932.72	9.65837	-3932.72	0.216672	1.27094	0.285721	9.39857	0.1	0.5	1	0.216672	0	0.179989
929	-4023.19	-3999.64	-23.5437	-3999.64	1.74303	5.67169	0.157759	-20.7508	0.1	0.5	1	1.74303	0	0.43828
930	nan	-3878.91	nan	-3878.91	0.657148	3.04412	0.183718	nan	0.1	0.5	1	0.657148	0	0.341063
931	nan	-3906.03	nan	-3906.03	0.898455	4.8588	0.0810449	nan	0.1	0.5	1	0.898455	0	0.640495
932	-3923.07	-3932.72	9.65837	-3932.72	0.216672	1.27094	0.285721	9.39857	0.1	0.5	1	0.216672	0	0.179989
933	nan	-3877.12	nan	-3877.12	0.657148	3.03743	0.183718	nan	0.1	0.5	1	0.657148	0	0.323449
934	-4020.79	-3997.32	-23.4733	-3997.32	1.74303	5.70014	0.157759	-20.6804	0.1	0.5	1	1.74303	0	0.452322
935	-4020.96	-3997.12	-23.8404	-3997.12	1.74303	5.72933	0.157759	-21.0475	0.1	0.5	1	1.74303	0	0.452322
936	nan	-3883.48	nan	-3883.48	0.585173	2.89217	0.16323	nan	0.1	0.5	1	0.585173	0	0.334816
937	-3919.87	-3894.66	-25.2187	-3894.66	3.31112	13.8036	0.0471189	-19.2896	0.1	0.5	1	3.31112	0	1.52344
938	nan	-3880.55	nan	-3880.55	1.37692	6.52071	0.0817991	nan	0.1	0.5	1	1.37692	0	0.711525
939	nan	-3879.11	nan	-3879.11	0.657148	3.16651	0.183718	nan	0.1	0.5	1	0.657148	0	0.395803
940	nan	-3875.49	nan	-3875.49	0.995581	4.67274	0.119267	nan	0.1	0.5	1	0.995581	0	0.529435
941	-3860.38	-3894.45	34.0633	-3894.45	0.403223	2.15802	0.209798	34.1766	0.1	0.5	1	0.403223	0	0.269784
942	-3923.07	-3932.72	9.65837	-3932.72	0.216672	1.27094	0.285721	9.39857	0.1	0.5	1	0.216672	0	0.179989
943	nan	-3879.39	nan	-3879.39	0.657148	3.10074	0.183718	nan	0.1	0.5	1	0.657148	0	0.368176
944	nan	-3879.49	nan	-3879.49	0.657148	3.04084	0.183718	nan	0.1	0.5	1	0.657148	0	0.359125
945	nan	-3875.79	nan	-3875.79	0.679977	3.07594	0.176917	nan	0.1	0.5	1	0.679977	0	0.351387
946	-3861.06	-3894.8	33.7357	-3894.8	0.403223	2.18719	0.209798	33.849	0.1	0.5	1	0.403223	0	0.276133
947	nan	-3883.48	nan	-3883.48	0.585173	2.89217	0.16323	nan	0.1	0.5	1	0.585173	0	0.334816
948	-3920.4	-3895.84	-24.5596	-3895.84	3.31112	13.7852	0.0471189	-18.6305	0.1	0.5	1	3.31112	0	1.46573
949	nan	-3879.13	nan	-3879.13	1.37692	6.39403	0.0817991	nan	0.1	0.5	1	1.37692	0	0.657607
950	nan	-3876.23	nan	-3876.23	0.995581	4.73272	0.119267	nan	0.1	0.5	1	0.995581	0	0.538349
951	nan	-3875.79	nan	-3875.79	0.679977	3.07594	0.176917	nan	0.1	0.5	1	0.679977	0	0.351387
952	-3861.06	-3894.8	33.7357	-3894.8	0.403223	2.18719	0.209798	33.849	0.1	0.5	1	0.403223	0	0.276133
953	nan	-3880.45	nan	-3880.45	0.995581	4.3986	0.119267	nan	0.1	0.5	1	0.995581	0	0.439327
954	-3919.87	-3894.66	-25.2187	-3894.66	3.31112	13.8036	0.0471189	-19.2896	0.1	0.5	1	3.31112	0	1.52344
955	-3919.87	-3894.66	-25.2187	-3894.66	3.31112	13.8036	0.0471189	-19.2896	0.1	0.5	1	3.31112	0	1.52344
956	nan	-3879.01	nan	-3879.01	0.679977	3.17592	0.176917	nan	0.1	0.5	1	0.679977	0	0.367396
957	nan	-3905.16	nan	-3905.16	0.898455	4.80123	0.0810449	nan	0.1	0.5	1	0.898455	0	0.582332
958	nan	-3877.54	nan	-3877.54	0.657148	3.1044	0.183718	nan	0.1	0.5	1	0.657148	0	0.361595
959	nan	-3880.55	nan	-3880.55	1.37692	6.52071	0.0817991	nan	0.1	0.5	1	1.37692	0	0.711525
960	nan	-3876.23	nan	-3876.23	0.995581	4.73272	0.119267	nan	0.1	0.5	1	0.995581	0	0.538349
961	-3860.38	-3894.45	34.0633	-3894.45	0.403223	2.15802	0.209798	34.1766	0.1	0.5	1	0.403223	0	0.269784
962	nan	-3879.35	nan	-3879.35	0.657148	3.12908	0.183718	nan	0.1	0.5	1	0.657148	0	0.356249
963	nan	-3878.39	nan	-3878.39	1.37692	6.85178	0.0817991	nan	0.1	0.5	1	1.37692	0	0.845861
964	-3917.26	-3892.15	-25.1057	-3892.15	3.31112	13.3532	0.0471189	-19.1766	0.1	0.5	1	3.31112	0	1.29944
965	nan	-3880.45	nan	-3880.45	0.995581	4.3986	0.119267	nan	0.1	0.5	1	0.995581	0	0.439327
966	-3863.44	-3896.55	33.1083	-3896.55	0.403223	2.22977	0.209798	33.2216	0.1	0.5	1	0.403223	0	0.280876
967	nan	-3880.45	nan	-3880.45	0.995581	4.3986	0.119267	nan	0.1	0.5	1	0.995581	0	0.439327
968	-3923.07	-3932.72	9.65837	-3932.72	0.216672	1.27094	0.285721	9.39857	0.1	0.5	1	0.216672	0	0.179989
969	-3860.38	-3894.45	34.0633	-3894.45	0.403223	2.15802	0.209798	34.1766	0.1	0.5	1	0.403223	0	0.269784
970	nan	-3883.48	nan	-3883.48	0.585173	2.89217	0.16323	nan	0.1	0.5	1	0.585173	0	0.334816
971	-3923.07	-3932.72	9.65837	-3932.72	0.216672	1.27094	0.285721	9.39857	0.1	0.5	1	0.216672	0	0.179989
972	nan	-3879.7	nan	-3879.7	0.657148	3.0506	0.183718	nan	0.1	0.5	1	0.657148	0	0.362113
973	nan	-3875.79	nan	-3875.79	0.679977	3.07594	0.176917	nan	0.1	0.5	1	0.679977	0	0.351387
974	nan	-3876.23	nan	-3876.23	0.995581	4.73272	0.119267	nan	0.1	0.5	1	0.995581	0	0.538349
975	nan	-3906.93	nan	-3906.93	0.898455	4.85763	0.0810449	nan	0.1	0.5	1	0.898455	0	0.654969
976	nan	-3904.13	nan	-3904.13	0.898455	4.96425	0.0810449	nan	0.1	0.5	1	0.898455	0	0.674981
977	nan	-3879.13	nan	-3879.13	1.37692	6.39403	0.0817991	nan	0.1	0.5	1	1.37692	0	0.657607
978	-3863.44	-3896.55	33.1083	-3896.55	0.403223	2.22977	0.209798	33.2216	0.1	0.5	1	0.403223	0	0.280876
979	nan	-3880.55	nan	-3880.55	1.37692	6.52071	0.0817991	nan	0.1	0.5	1	1.37692	0	0.711525
980	nan	-3886.38	nan	-3886.38	0.585173	3.07924	0.16323	nan	0.1	0.5	1	0.585173	0	0.4299
981	-3923.07	-3932.72	9.65837	-3932.72	0.216672	1.27094	0.285721	9.39857	0.1	0.5	1	0.216672	0	0.179989
982	nan	-3876.9	nan	-3876.9	0.657148	3.07194	0.183718	nan	0.1	0.5	1	0.657148	0	0.361595
983	nan	-3880.82	nan	-3880.82	0.657148	2.96195	0.183718	nan	0.1	0.5	1	0.657148	0	0.368176
984	nan	-3880.45	nan	-3880.45	0.995581	4.3986	0.119267	nan	0.1	0.5	1	0.995581	0	0.439327
985	-4020.71	-3997.42	-23.2955	-3997.42	1.74303	5.74877	0.157759	-20.5026	0.1	0.5	1	1.74303	0	0.461137
986	nan	-3875.79	nan	-3875.79	0.679977	3.07594	0.176917	nan	0.1	0.5	1	0.679977	0	0.351387
987	nan	-3876.23	nan	-3876.23	0.995581	4.73272	0.119267	nan	0.1	0.5	1	0.995581	0	0.538349
988	-3861.06	-3894.8	33.7357	-3894.8	0.403223	2.18719	0.209798	33.849	0.1	0.5	1	0.403223	0	0.276133
989	-3920.28	-3896.1	-24.1848	-3896.1	3.31112	13.2532	0.0471189	-18.2558	0.1	0.5	1	3.31112	0	1.45526
990	-4020.71	-3997.42	-23.2955	-3997.42	1.74303	5.74877	0.157759	-20.5026	0.1	0.5	1	1.74303	0	0.461137
991	nan	-3875.79	nan	-3875.79	0.679977	3.07594	0.176917	nan	0.1	0.5	1	0.679977	0	0.351387
992	nan	-3878.34	nan	-3878.34	1.37692	6.55265	0.0817991	nan	0.1	0.5	1	1.37692	0	0.723584
993	nan	-3875.79	nan	-3875.79	0.679977	3.07594	0.176917	nan	0.1	0.5	1	0.679977	0	0.351387
994	nan	-3879.7	nan	-3879.7	0.657148	3.0506	0.183718	nan	0.1	0.5	1	0.657148	0	0.362113
995	nan	-3877.34	nan	-3877.34	0.679977	3.18588	0.176917	nan	0.1	0.5	1	0.679977	0	0.360815
996	nan	-3882.59	nan	-3882.59	0.585173	2.94737	0.16323	nan	0.1	0.5	1	0.585173	0	0.352817
997	nan	-3875.79	nan	-3875.79	0.679977	3.07594	0.176917	nan	0.1	0.5	1	0.679977	0	0.351387
998	-3923.07	-3932.72	9.65837	-3932.72	0.216672	1.27094	0.285721	9.39857	0.1	0.5	1	0.216672	0	0.179989
999	-3860.38	-3894.45	34.0633	-3894.45	0.403223	2.15802	0.209798	34.1766	0.1	0.5	1	0.403223	0	0.269784
